WARNING: Logging before flag parsing goes to stderr.
W0818 14:06:32.312898 140275964749632 deprecation.py:506] From /home/marius/anaconda3/envs/tensorflow_cpu_1.14/lib/python3.7/site-packages/tensorflow/python/ops/init_ops.py:1251: calling VarianceScaling.__init__ (from tensorflow.python.ops.init_ops) with dtype is deprecated and will be removed in a future version.
Instructions for updating:
Call initializer instance with the dtype argument instead of passing it to the constructor
Train on 1347 samples, validate on 450 samples
2019-08-18 14:06:32.526182: I tensorflow/core/platform/cpu_feature_guard.cc:145] This TensorFlow binary is optimized with Intel(R) MKL-DNN to use the following CPU instructions in performance critical operations:  SSE4.1 SSE4.2 AVX AVX2 FMA
To enable them in non-MKL-DNN operations, rebuild TensorFlow with the appropriate compiler flags.
2019-08-18 14:06:32.550608: I tensorflow/core/platform/profile_utils/cpu_utils.cc:94] CPU Frequency: 2394540000 Hz
2019-08-18 14:06:32.551007: I tensorflow/compiler/xla/service/service.cc:168] XLA service 0x55c37c15e880 executing computations on platform Host. Devices:
2019-08-18 14:06:32.551030: I tensorflow/compiler/xla/service/service.cc:175]   StreamExecutor device (0): <undefined>, <undefined>
OMP: Info #212: KMP_AFFINITY: decoding x2APIC ids.
OMP: Info #210: KMP_AFFINITY: Affinity capable, using global cpuid leaf 11 info
OMP: Info #154: KMP_AFFINITY: Initial OS proc set respected: 0-3
OMP: Info #156: KMP_AFFINITY: 4 available OS procs
OMP: Info #157: KMP_AFFINITY: Uniform topology
OMP: Info #179: KMP_AFFINITY: 1 packages x 2 cores/pkg x 2 threads/core (2 total cores)
OMP: Info #214: KMP_AFFINITY: OS proc to physical thread map:
OMP: Info #171: KMP_AFFINITY: OS proc 0 maps to package 0 core 0 thread 0 
OMP: Info #171: KMP_AFFINITY: OS proc 1 maps to package 0 core 0 thread 1 
OMP: Info #171: KMP_AFFINITY: OS proc 2 maps to package 0 core 1 thread 0 
OMP: Info #171: KMP_AFFINITY: OS proc 3 maps to package 0 core 1 thread 1 
OMP: Info #250: KMP_AFFINITY: pid 13120 tid 13120 thread 0 bound to OS proc set 0
2019-08-18 14:06:32.551457: I tensorflow/core/common_runtime/process_util.cc:115] Creating new thread pool with default inter op setting: 2. Tune using inter_op_parallelism_threads for best performance.
2019-08-18 14:06:32.573523: W tensorflow/compiler/jit/mark_for_compilation_pass.cc:1412] (One-time warning): Not using XLA:CPU for cluster because envvar TF_XLA_FLAGS=--tf_xla_cpu_global_jit was not set.  If you want XLA:CPU, either set that envvar, or use experimental_jit_scope to enable XLA:CPU.  To confirm that XLA is active, pass --vmodule=xla_compilation_cache=1 (as a proper command-line flag, not via TF_XLA_FLAGS) or set the envvar XLA_FLAGS=--xla_hlo_profile.
Epoch 1/500
OMP: Info #250: KMP_AFFINITY: pid 13120 tid 13142 thread 1 bound to OS proc set 2
OMP: Info #250: KMP_AFFINITY: pid 13120 tid 13143 thread 2 bound to OS proc set 1
OMP: Info #250: KMP_AFFINITY: pid 13120 tid 13144 thread 3 bound to OS proc set 3
OMP: Info #250: KMP_AFFINITY: pid 13120 tid 13145 thread 4 bound to OS proc set 0
OMP: Info #250: KMP_AFFINITY: pid 13120 tid 13141 thread 5 bound to OS proc set 2
OMP: Info #250: KMP_AFFINITY: pid 13120 tid 13146 thread 6 bound to OS proc set 1
OMP: Info #250: KMP_AFFINITY: pid 13120 tid 13148 thread 8 bound to OS proc set 0
OMP: Info #250: KMP_AFFINITY: pid 13120 tid 13147 thread 7 bound to OS proc set 3
1347/1347 - 0s - loss: 4.6187 - acc: 0.0898 - val_loss: 4.7714 - val_acc: 0.0844
Epoch 2/500
1347/1347 - 0s - loss: 4.4471 - acc: 0.0921 - val_loss: 4.6073 - val_acc: 0.0867
Epoch 3/500
1347/1347 - 0s - loss: 4.2924 - acc: 0.0980 - val_loss: 4.4550 - val_acc: 0.0933
Epoch 4/500
1347/1347 - 0s - loss: 4.1497 - acc: 0.1002 - val_loss: 4.3131 - val_acc: 0.1000
Epoch 5/500
1347/1347 - 0s - loss: 4.0163 - acc: 0.1069 - val_loss: 4.1790 - val_acc: 0.1000
Epoch 6/500
1347/1347 - 0s - loss: 3.8905 - acc: 0.1114 - val_loss: 4.0560 - val_acc: 0.1111
Epoch 7/500
1347/1347 - 0s - loss: 3.7756 - acc: 0.1166 - val_loss: 3.9403 - val_acc: 0.1133
Epoch 8/500
1347/1347 - 0s - loss: 3.6678 - acc: 0.1195 - val_loss: 3.8340 - val_acc: 0.1156
Epoch 9/500
1347/1347 - 0s - loss: 3.5685 - acc: 0.1292 - val_loss: 3.7331 - val_acc: 0.1156
Epoch 10/500
1347/1347 - 0s - loss: 3.4745 - acc: 0.1314 - val_loss: 3.6392 - val_acc: 0.1178
Epoch 11/500
1347/1347 - 0s - loss: 3.3872 - acc: 0.1396 - val_loss: 3.5500 - val_acc: 0.1222
Epoch 12/500
1347/1347 - 0s - loss: 3.3045 - acc: 0.1470 - val_loss: 3.4654 - val_acc: 0.1222
Epoch 13/500
1347/1347 - 0s - loss: 3.2254 - acc: 0.1529 - val_loss: 3.3832 - val_acc: 0.1289
Epoch 14/500
1347/1347 - 0s - loss: 3.1492 - acc: 0.1611 - val_loss: 3.3064 - val_acc: 0.1267
Epoch 15/500
1347/1347 - 0s - loss: 3.0777 - acc: 0.1663 - val_loss: 3.2340 - val_acc: 0.1311
Epoch 16/500
1347/1347 - 0s - loss: 3.0100 - acc: 0.1745 - val_loss: 3.1636 - val_acc: 0.1356
Epoch 17/500
1347/1347 - 0s - loss: 2.9441 - acc: 0.1789 - val_loss: 3.0973 - val_acc: 0.1444
Epoch 18/500
1347/1347 - 0s - loss: 2.8820 - acc: 0.1878 - val_loss: 3.0336 - val_acc: 0.1556
Epoch 19/500
1347/1347 - 0s - loss: 2.8226 - acc: 0.1960 - val_loss: 2.9726 - val_acc: 0.1667
Epoch 20/500
1347/1347 - 0s - loss: 2.7660 - acc: 0.2049 - val_loss: 2.9127 - val_acc: 0.1711
Epoch 21/500
1347/1347 - 0s - loss: 2.7108 - acc: 0.2138 - val_loss: 2.8567 - val_acc: 0.1800
Epoch 22/500
1347/1347 - 0s - loss: 2.6590 - acc: 0.2183 - val_loss: 2.8033 - val_acc: 0.1867
Epoch 23/500
1347/1347 - 0s - loss: 2.6095 - acc: 0.2257 - val_loss: 2.7516 - val_acc: 0.1933
Epoch 24/500
1347/1347 - 0s - loss: 2.5618 - acc: 0.2339 - val_loss: 2.7022 - val_acc: 0.2000
Epoch 25/500
1347/1347 - 0s - loss: 2.5159 - acc: 0.2442 - val_loss: 2.6535 - val_acc: 0.2067
Epoch 26/500
1347/1347 - 0s - loss: 2.4707 - acc: 0.2576 - val_loss: 2.6070 - val_acc: 0.2156
Epoch 27/500
1347/1347 - 0s - loss: 2.4276 - acc: 0.2613 - val_loss: 2.5630 - val_acc: 0.2267
Epoch 28/500
1347/1347 - 0s - loss: 2.3867 - acc: 0.2687 - val_loss: 2.5215 - val_acc: 0.2356
Epoch 29/500
1347/1347 - 0s - loss: 2.3479 - acc: 0.2821 - val_loss: 2.4798 - val_acc: 0.2378
Epoch 30/500
1347/1347 - 0s - loss: 2.3093 - acc: 0.2910 - val_loss: 2.4409 - val_acc: 0.2467
Epoch 31/500
1347/1347 - 0s - loss: 2.2734 - acc: 0.2940 - val_loss: 2.4032 - val_acc: 0.2578
Epoch 32/500
1347/1347 - 0s - loss: 2.2386 - acc: 0.3014 - val_loss: 2.3660 - val_acc: 0.2600
Epoch 33/500
1347/1347 - 0s - loss: 2.2043 - acc: 0.3073 - val_loss: 2.3309 - val_acc: 0.2667
Epoch 34/500
1347/1347 - 0s - loss: 2.1715 - acc: 0.3140 - val_loss: 2.2964 - val_acc: 0.2667
Epoch 35/500
1347/1347 - 0s - loss: 2.1397 - acc: 0.3215 - val_loss: 2.2627 - val_acc: 0.2711
Epoch 36/500
1347/1347 - 0s - loss: 2.1085 - acc: 0.3244 - val_loss: 2.2309 - val_acc: 0.2756
Epoch 37/500
1347/1347 - 0s - loss: 2.0788 - acc: 0.3281 - val_loss: 2.1988 - val_acc: 0.2800
Epoch 38/500
1347/1347 - 0s - loss: 2.0493 - acc: 0.3311 - val_loss: 2.1686 - val_acc: 0.2867
Epoch 39/500
1347/1347 - 0s - loss: 2.0211 - acc: 0.3341 - val_loss: 2.1389 - val_acc: 0.2889
Epoch 40/500
1347/1347 - 0s - loss: 1.9937 - acc: 0.3408 - val_loss: 2.1111 - val_acc: 0.2933
Epoch 41/500
1347/1347 - 0s - loss: 1.9678 - acc: 0.3512 - val_loss: 2.0829 - val_acc: 0.3000
Epoch 42/500
1347/1347 - 0s - loss: 1.9416 - acc: 0.3586 - val_loss: 2.0569 - val_acc: 0.3044
Epoch 43/500
1347/1347 - 0s - loss: 1.9169 - acc: 0.3645 - val_loss: 2.0312 - val_acc: 0.3111
Epoch 44/500
1347/1347 - 0s - loss: 1.8929 - acc: 0.3690 - val_loss: 2.0062 - val_acc: 0.3133
Epoch 45/500
1347/1347 - 0s - loss: 1.8690 - acc: 0.3727 - val_loss: 1.9816 - val_acc: 0.3267
Epoch 46/500
1347/1347 - 0s - loss: 1.8460 - acc: 0.3786 - val_loss: 1.9579 - val_acc: 0.3333
Epoch 47/500
1347/1347 - 0s - loss: 1.8235 - acc: 0.3846 - val_loss: 1.9338 - val_acc: 0.3422
Epoch 48/500
1347/1347 - 0s - loss: 1.8008 - acc: 0.3898 - val_loss: 1.9111 - val_acc: 0.3444
Epoch 49/500
1347/1347 - 0s - loss: 1.7792 - acc: 0.3950 - val_loss: 1.8894 - val_acc: 0.3511
Epoch 50/500
1347/1347 - 0s - loss: 1.7583 - acc: 0.4016 - val_loss: 1.8677 - val_acc: 0.3533
Epoch 51/500
1347/1347 - 0s - loss: 1.7377 - acc: 0.4091 - val_loss: 1.8468 - val_acc: 0.3689
Epoch 52/500
1347/1347 - 0s - loss: 1.7178 - acc: 0.4165 - val_loss: 1.8263 - val_acc: 0.3689
Epoch 53/500
1347/1347 - 0s - loss: 1.6981 - acc: 0.4254 - val_loss: 1.8070 - val_acc: 0.3733
Epoch 54/500
1347/1347 - 0s - loss: 1.6794 - acc: 0.4336 - val_loss: 1.7880 - val_acc: 0.3778
Epoch 55/500
1347/1347 - 0s - loss: 1.6610 - acc: 0.4410 - val_loss: 1.7694 - val_acc: 0.3867
Epoch 56/500
1347/1347 - 0s - loss: 1.6431 - acc: 0.4477 - val_loss: 1.7513 - val_acc: 0.3956
Epoch 57/500
1347/1347 - 0s - loss: 1.6255 - acc: 0.4551 - val_loss: 1.7335 - val_acc: 0.4133
Epoch 58/500
1347/1347 - 0s - loss: 1.6083 - acc: 0.4588 - val_loss: 1.7162 - val_acc: 0.4222
Epoch 59/500
1347/1347 - 0s - loss: 1.5917 - acc: 0.4640 - val_loss: 1.6990 - val_acc: 0.4289
Epoch 60/500
1347/1347 - 0s - loss: 1.5753 - acc: 0.4751 - val_loss: 1.6823 - val_acc: 0.4311
Epoch 61/500
1347/1347 - 0s - loss: 1.5591 - acc: 0.4855 - val_loss: 1.6664 - val_acc: 0.4333
Epoch 62/500
1347/1347 - 0s - loss: 1.5437 - acc: 0.4937 - val_loss: 1.6506 - val_acc: 0.4422
Epoch 63/500
1347/1347 - 0s - loss: 1.5281 - acc: 0.4974 - val_loss: 1.6352 - val_acc: 0.4511
Epoch 64/500
1347/1347 - 0s - loss: 1.5133 - acc: 0.5033 - val_loss: 1.6202 - val_acc: 0.4533
Epoch 65/500
1347/1347 - 0s - loss: 1.4986 - acc: 0.5100 - val_loss: 1.6056 - val_acc: 0.4578
Epoch 66/500
1347/1347 - 0s - loss: 1.4842 - acc: 0.5145 - val_loss: 1.5910 - val_acc: 0.4644
Epoch 67/500
1347/1347 - 0s - loss: 1.4701 - acc: 0.5204 - val_loss: 1.5768 - val_acc: 0.4778
Epoch 68/500
1347/1347 - 0s - loss: 1.4561 - acc: 0.5241 - val_loss: 1.5632 - val_acc: 0.4822
Epoch 69/500
1347/1347 - 0s - loss: 1.4427 - acc: 0.5301 - val_loss: 1.5495 - val_acc: 0.4867
Epoch 70/500
1347/1347 - 0s - loss: 1.4295 - acc: 0.5353 - val_loss: 1.5354 - val_acc: 0.4911
Epoch 71/500
1347/1347 - 0s - loss: 1.4162 - acc: 0.5397 - val_loss: 1.5226 - val_acc: 0.4956
Epoch 72/500
1347/1347 - 0s - loss: 1.4036 - acc: 0.5464 - val_loss: 1.5097 - val_acc: 0.5000
Epoch 73/500
1347/1347 - 0s - loss: 1.3911 - acc: 0.5523 - val_loss: 1.4971 - val_acc: 0.5133
Epoch 74/500
1347/1347 - 0s - loss: 1.3788 - acc: 0.5568 - val_loss: 1.4847 - val_acc: 0.5222
Epoch 75/500
1347/1347 - 0s - loss: 1.3666 - acc: 0.5612 - val_loss: 1.4731 - val_acc: 0.5222
Epoch 76/500
1347/1347 - 0s - loss: 1.3550 - acc: 0.5657 - val_loss: 1.4613 - val_acc: 0.5244
Epoch 77/500
1347/1347 - 0s - loss: 1.3433 - acc: 0.5731 - val_loss: 1.4498 - val_acc: 0.5244
Epoch 78/500
1347/1347 - 0s - loss: 1.3318 - acc: 0.5761 - val_loss: 1.4387 - val_acc: 0.5267
Epoch 79/500
1347/1347 - 0s - loss: 1.3209 - acc: 0.5850 - val_loss: 1.4279 - val_acc: 0.5356
Epoch 80/500
1347/1347 - 0s - loss: 1.3100 - acc: 0.5902 - val_loss: 1.4173 - val_acc: 0.5378
Epoch 81/500
1347/1347 - 0s - loss: 1.2995 - acc: 0.5932 - val_loss: 1.4066 - val_acc: 0.5400
Epoch 82/500
1347/1347 - 0s - loss: 1.2889 - acc: 0.5961 - val_loss: 1.3963 - val_acc: 0.5489
Epoch 83/500
1347/1347 - 0s - loss: 1.2787 - acc: 0.6006 - val_loss: 1.3862 - val_acc: 0.5489
Epoch 84/500
1347/1347 - 0s - loss: 1.2682 - acc: 0.6043 - val_loss: 1.3761 - val_acc: 0.5511
Epoch 85/500
1347/1347 - 0s - loss: 1.2582 - acc: 0.6073 - val_loss: 1.3663 - val_acc: 0.5556
Epoch 86/500
1347/1347 - 0s - loss: 1.2485 - acc: 0.6125 - val_loss: 1.3569 - val_acc: 0.5622
Epoch 87/500
1347/1347 - 0s - loss: 1.2389 - acc: 0.6162 - val_loss: 1.3474 - val_acc: 0.5622
Epoch 88/500
1347/1347 - 0s - loss: 1.2295 - acc: 0.6214 - val_loss: 1.3384 - val_acc: 0.5667
Epoch 89/500
1347/1347 - 0s - loss: 1.2203 - acc: 0.6251 - val_loss: 1.3290 - val_acc: 0.5756
Epoch 90/500
1347/1347 - 0s - loss: 1.2113 - acc: 0.6266 - val_loss: 1.3199 - val_acc: 0.5800
Epoch 91/500
1347/1347 - 0s - loss: 1.2020 - acc: 0.6310 - val_loss: 1.3111 - val_acc: 0.5822
Epoch 92/500
1347/1347 - 0s - loss: 1.1933 - acc: 0.6310 - val_loss: 1.3028 - val_acc: 0.5844
Epoch 93/500
1347/1347 - 0s - loss: 1.1843 - acc: 0.6370 - val_loss: 1.2944 - val_acc: 0.5889
Epoch 94/500
1347/1347 - 0s - loss: 1.1758 - acc: 0.6392 - val_loss: 1.2860 - val_acc: 0.5933
Epoch 95/500
1347/1347 - 0s - loss: 1.1674 - acc: 0.6429 - val_loss: 1.2777 - val_acc: 0.5956
Epoch 96/500
1347/1347 - 0s - loss: 1.1591 - acc: 0.6451 - val_loss: 1.2696 - val_acc: 0.5978
Epoch 97/500
1347/1347 - 0s - loss: 1.1508 - acc: 0.6474 - val_loss: 1.2617 - val_acc: 0.6000
Epoch 98/500
1347/1347 - 0s - loss: 1.1428 - acc: 0.6511 - val_loss: 1.2537 - val_acc: 0.6000
Epoch 99/500
1347/1347 - 0s - loss: 1.1348 - acc: 0.6555 - val_loss: 1.2460 - val_acc: 0.6044
Epoch 100/500
1347/1347 - 0s - loss: 1.1269 - acc: 0.6585 - val_loss: 1.2385 - val_acc: 0.6044
Epoch 101/500
1347/1347 - 0s - loss: 1.1192 - acc: 0.6592 - val_loss: 1.2310 - val_acc: 0.6067
Epoch 102/500
1347/1347 - 0s - loss: 1.1116 - acc: 0.6644 - val_loss: 1.2235 - val_acc: 0.6067
Epoch 103/500
1347/1347 - 0s - loss: 1.1041 - acc: 0.6644 - val_loss: 1.2162 - val_acc: 0.6089
Epoch 104/500
1347/1347 - 0s - loss: 1.0967 - acc: 0.6696 - val_loss: 1.2090 - val_acc: 0.6089
Epoch 105/500
1347/1347 - 0s - loss: 1.0893 - acc: 0.6711 - val_loss: 1.2020 - val_acc: 0.6089
Epoch 106/500
1347/1347 - 0s - loss: 1.0822 - acc: 0.6733 - val_loss: 1.1946 - val_acc: 0.6089
Epoch 107/500
1347/1347 - 0s - loss: 1.0750 - acc: 0.6771 - val_loss: 1.1879 - val_acc: 0.6156
Epoch 108/500
1347/1347 - 0s - loss: 1.0679 - acc: 0.6808 - val_loss: 1.1812 - val_acc: 0.6178
Epoch 109/500
1347/1347 - 0s - loss: 1.0611 - acc: 0.6837 - val_loss: 1.1744 - val_acc: 0.6178
Epoch 110/500
1347/1347 - 0s - loss: 1.0542 - acc: 0.6852 - val_loss: 1.1680 - val_acc: 0.6178
Epoch 111/500
1347/1347 - 0s - loss: 1.0474 - acc: 0.6875 - val_loss: 1.1617 - val_acc: 0.6244
Epoch 112/500
1347/1347 - 0s - loss: 1.0408 - acc: 0.6904 - val_loss: 1.1556 - val_acc: 0.6267
Epoch 113/500
1347/1347 - 0s - loss: 1.0344 - acc: 0.6919 - val_loss: 1.1495 - val_acc: 0.6311
Epoch 114/500
1347/1347 - 0s - loss: 1.0279 - acc: 0.6941 - val_loss: 1.1434 - val_acc: 0.6311
Epoch 115/500
1347/1347 - 0s - loss: 1.0215 - acc: 0.6971 - val_loss: 1.1372 - val_acc: 0.6311
Epoch 116/500
1347/1347 - 0s - loss: 1.0152 - acc: 0.6978 - val_loss: 1.1312 - val_acc: 0.6356
Epoch 117/500
1347/1347 - 0s - loss: 1.0090 - acc: 0.7001 - val_loss: 1.1251 - val_acc: 0.6400
Epoch 118/500
1347/1347 - 0s - loss: 1.0029 - acc: 0.6993 - val_loss: 1.1193 - val_acc: 0.6400
Epoch 119/500
1347/1347 - 0s - loss: 0.9967 - acc: 0.7008 - val_loss: 1.1135 - val_acc: 0.6400
Epoch 120/500
1347/1347 - 0s - loss: 0.9908 - acc: 0.7023 - val_loss: 1.1077 - val_acc: 0.6400
Epoch 121/500
1347/1347 - 0s - loss: 0.9848 - acc: 0.7060 - val_loss: 1.1020 - val_acc: 0.6444
Epoch 122/500
1347/1347 - 0s - loss: 0.9791 - acc: 0.7082 - val_loss: 1.0965 - val_acc: 0.6467
Epoch 123/500
1347/1347 - 0s - loss: 0.9733 - acc: 0.7112 - val_loss: 1.0910 - val_acc: 0.6511
Epoch 124/500
1347/1347 - 0s - loss: 0.9677 - acc: 0.7157 - val_loss: 1.0856 - val_acc: 0.6533
Epoch 125/500
1347/1347 - 0s - loss: 0.9622 - acc: 0.7194 - val_loss: 1.0802 - val_acc: 0.6533
Epoch 126/500
1347/1347 - 0s - loss: 0.9567 - acc: 0.7194 - val_loss: 1.0750 - val_acc: 0.6578
Epoch 127/500
1347/1347 - 0s - loss: 0.9512 - acc: 0.7223 - val_loss: 1.0698 - val_acc: 0.6600
Epoch 128/500
1347/1347 - 0s - loss: 0.9459 - acc: 0.7238 - val_loss: 1.0647 - val_acc: 0.6600
Epoch 129/500
1347/1347 - 0s - loss: 0.9407 - acc: 0.7246 - val_loss: 1.0595 - val_acc: 0.6622
Epoch 130/500
1347/1347 - 0s - loss: 0.9355 - acc: 0.7246 - val_loss: 1.0544 - val_acc: 0.6622
Epoch 131/500
1347/1347 - 0s - loss: 0.9303 - acc: 0.7253 - val_loss: 1.0493 - val_acc: 0.6667
Epoch 132/500
1347/1347 - 0s - loss: 0.9252 - acc: 0.7261 - val_loss: 1.0444 - val_acc: 0.6667
Epoch 133/500
1347/1347 - 0s - loss: 0.9202 - acc: 0.7275 - val_loss: 1.0395 - val_acc: 0.6689
Epoch 134/500
1347/1347 - 0s - loss: 0.9152 - acc: 0.7290 - val_loss: 1.0348 - val_acc: 0.6689
Epoch 135/500
1347/1347 - 0s - loss: 0.9104 - acc: 0.7327 - val_loss: 1.0301 - val_acc: 0.6711
Epoch 136/500
1347/1347 - 0s - loss: 0.9056 - acc: 0.7342 - val_loss: 1.0253 - val_acc: 0.6711
Epoch 137/500
1347/1347 - 0s - loss: 0.9008 - acc: 0.7365 - val_loss: 1.0207 - val_acc: 0.6711
Epoch 138/500
1347/1347 - 0s - loss: 0.8960 - acc: 0.7372 - val_loss: 1.0163 - val_acc: 0.6711
Epoch 139/500
1347/1347 - 0s - loss: 0.8913 - acc: 0.7394 - val_loss: 1.0118 - val_acc: 0.6711
Epoch 140/500
1347/1347 - 0s - loss: 0.8868 - acc: 0.7409 - val_loss: 1.0074 - val_acc: 0.6733
Epoch 141/500
1347/1347 - 0s - loss: 0.8823 - acc: 0.7416 - val_loss: 1.0031 - val_acc: 0.6733
Epoch 142/500
1347/1347 - 0s - loss: 0.8778 - acc: 0.7416 - val_loss: 0.9987 - val_acc: 0.6756
Epoch 143/500
1347/1347 - 0s - loss: 0.8734 - acc: 0.7446 - val_loss: 0.9944 - val_acc: 0.6800
Epoch 144/500
1347/1347 - 0s - loss: 0.8689 - acc: 0.7468 - val_loss: 0.9902 - val_acc: 0.6800
Epoch 145/500
1347/1347 - 0s - loss: 0.8645 - acc: 0.7468 - val_loss: 0.9859 - val_acc: 0.6844
Epoch 146/500
1347/1347 - 0s - loss: 0.8602 - acc: 0.7498 - val_loss: 0.9816 - val_acc: 0.6867
Epoch 147/500
1347/1347 - 0s - loss: 0.8558 - acc: 0.7506 - val_loss: 0.9777 - val_acc: 0.6889
Epoch 148/500
1347/1347 - 0s - loss: 0.8516 - acc: 0.7520 - val_loss: 0.9736 - val_acc: 0.6889
Epoch 149/500
1347/1347 - 0s - loss: 0.8474 - acc: 0.7535 - val_loss: 0.9694 - val_acc: 0.6889
Epoch 150/500
1347/1347 - 0s - loss: 0.8433 - acc: 0.7550 - val_loss: 0.9653 - val_acc: 0.6889
Epoch 151/500
1347/1347 - 0s - loss: 0.8391 - acc: 0.7558 - val_loss: 0.9611 - val_acc: 0.6889
Epoch 152/500
1347/1347 - 0s - loss: 0.8350 - acc: 0.7572 - val_loss: 0.9569 - val_acc: 0.6933
Epoch 153/500
1347/1347 - 0s - loss: 0.8309 - acc: 0.7580 - val_loss: 0.9525 - val_acc: 0.6956
Epoch 154/500
1347/1347 - 0s - loss: 0.8269 - acc: 0.7595 - val_loss: 0.9489 - val_acc: 0.6956
Epoch 155/500
1347/1347 - 0s - loss: 0.8229 - acc: 0.7602 - val_loss: 0.9451 - val_acc: 0.7000
Epoch 156/500
1347/1347 - 0s - loss: 0.8190 - acc: 0.7617 - val_loss: 0.9413 - val_acc: 0.7022
Epoch 157/500
1347/1347 - 0s - loss: 0.8152 - acc: 0.7632 - val_loss: 0.9373 - val_acc: 0.7022
Epoch 158/500
1347/1347 - 0s - loss: 0.8112 - acc: 0.7654 - val_loss: 0.9335 - val_acc: 0.7022
Epoch 159/500
1347/1347 - 0s - loss: 0.8074 - acc: 0.7661 - val_loss: 0.9299 - val_acc: 0.7022
Epoch 160/500
1347/1347 - 0s - loss: 0.8035 - acc: 0.7661 - val_loss: 0.9265 - val_acc: 0.7022
Epoch 161/500
1347/1347 - 0s - loss: 0.7998 - acc: 0.7669 - val_loss: 0.9226 - val_acc: 0.7044
Epoch 162/500
1347/1347 - 0s - loss: 0.7959 - acc: 0.7676 - val_loss: 0.9188 - val_acc: 0.7044
Epoch 163/500
1347/1347 - 0s - loss: 0.7922 - acc: 0.7676 - val_loss: 0.9152 - val_acc: 0.7044
Epoch 164/500
1347/1347 - 0s - loss: 0.7885 - acc: 0.7691 - val_loss: 0.9115 - val_acc: 0.7067
Epoch 165/500
1347/1347 - 0s - loss: 0.7848 - acc: 0.7706 - val_loss: 0.9080 - val_acc: 0.7067
Epoch 166/500
1347/1347 - 0s - loss: 0.7812 - acc: 0.7721 - val_loss: 0.9045 - val_acc: 0.7067
Epoch 167/500
1347/1347 - 0s - loss: 0.7776 - acc: 0.7721 - val_loss: 0.9010 - val_acc: 0.7067
Epoch 168/500
1347/1347 - 0s - loss: 0.7741 - acc: 0.7728 - val_loss: 0.8976 - val_acc: 0.7089
Epoch 169/500
1347/1347 - 0s - loss: 0.7706 - acc: 0.7736 - val_loss: 0.8941 - val_acc: 0.7089
Epoch 170/500
1347/1347 - 0s - loss: 0.7672 - acc: 0.7743 - val_loss: 0.8907 - val_acc: 0.7111
Epoch 171/500
1347/1347 - 0s - loss: 0.7638 - acc: 0.7751 - val_loss: 0.8873 - val_acc: 0.7111
Epoch 172/500
1347/1347 - 0s - loss: 0.7604 - acc: 0.7780 - val_loss: 0.8839 - val_acc: 0.7111
Epoch 173/500
1347/1347 - 0s - loss: 0.7570 - acc: 0.7780 - val_loss: 0.8806 - val_acc: 0.7133
Epoch 174/500
1347/1347 - 0s - loss: 0.7537 - acc: 0.7788 - val_loss: 0.8773 - val_acc: 0.7156
Epoch 175/500
1347/1347 - 0s - loss: 0.7504 - acc: 0.7810 - val_loss: 0.8740 - val_acc: 0.7156
Epoch 176/500
1347/1347 - 0s - loss: 0.7471 - acc: 0.7810 - val_loss: 0.8708 - val_acc: 0.7178
Epoch 177/500
1347/1347 - 0s - loss: 0.7438 - acc: 0.7832 - val_loss: 0.8675 - val_acc: 0.7200
Epoch 178/500
1347/1347 - 0s - loss: 0.7406 - acc: 0.7832 - val_loss: 0.8640 - val_acc: 0.7200
Epoch 179/500
1347/1347 - 0s - loss: 0.7373 - acc: 0.7847 - val_loss: 0.8609 - val_acc: 0.7200
Epoch 180/500
1347/1347 - 0s - loss: 0.7342 - acc: 0.7869 - val_loss: 0.8577 - val_acc: 0.7200
Epoch 181/500
1347/1347 - 0s - loss: 0.7311 - acc: 0.7877 - val_loss: 0.8547 - val_acc: 0.7200
Epoch 182/500
1347/1347 - 0s - loss: 0.7280 - acc: 0.7884 - val_loss: 0.8514 - val_acc: 0.7200
Epoch 183/500
1347/1347 - 0s - loss: 0.7249 - acc: 0.7884 - val_loss: 0.8483 - val_acc: 0.7200
Epoch 184/500
1347/1347 - 0s - loss: 0.7219 - acc: 0.7892 - val_loss: 0.8455 - val_acc: 0.7200
Epoch 185/500
1347/1347 - 0s - loss: 0.7189 - acc: 0.7899 - val_loss: 0.8426 - val_acc: 0.7200
Epoch 186/500
1347/1347 - 0s - loss: 0.7159 - acc: 0.7899 - val_loss: 0.8396 - val_acc: 0.7200
Epoch 187/500
1347/1347 - 0s - loss: 0.7130 - acc: 0.7906 - val_loss: 0.8368 - val_acc: 0.7200
Epoch 188/500
1347/1347 - 0s - loss: 0.7100 - acc: 0.7921 - val_loss: 0.8339 - val_acc: 0.7200
Epoch 189/500
1347/1347 - 0s - loss: 0.7071 - acc: 0.7929 - val_loss: 0.8310 - val_acc: 0.7200
Epoch 190/500
1347/1347 - 0s - loss: 0.7043 - acc: 0.7944 - val_loss: 0.8280 - val_acc: 0.7200
Epoch 191/500
1347/1347 - 0s - loss: 0.7013 - acc: 0.7958 - val_loss: 0.8252 - val_acc: 0.7222
Epoch 192/500
1347/1347 - 0s - loss: 0.6985 - acc: 0.7966 - val_loss: 0.8225 - val_acc: 0.7244
Epoch 193/500
1347/1347 - 0s - loss: 0.6956 - acc: 0.7981 - val_loss: 0.8198 - val_acc: 0.7267
Epoch 194/500
1347/1347 - 0s - loss: 0.6928 - acc: 0.8010 - val_loss: 0.8170 - val_acc: 0.7267
Epoch 195/500
1347/1347 - 0s - loss: 0.6900 - acc: 0.8025 - val_loss: 0.8143 - val_acc: 0.7267
Epoch 196/500
1347/1347 - 0s - loss: 0.6872 - acc: 0.8025 - val_loss: 0.8114 - val_acc: 0.7311
Epoch 197/500
1347/1347 - 0s - loss: 0.6845 - acc: 0.8033 - val_loss: 0.8086 - val_acc: 0.7333
Epoch 198/500
1347/1347 - 0s - loss: 0.6818 - acc: 0.8040 - val_loss: 0.8059 - val_acc: 0.7333
Epoch 199/500
1347/1347 - 0s - loss: 0.6790 - acc: 0.8062 - val_loss: 0.8032 - val_acc: 0.7378
Epoch 200/500
1347/1347 - 0s - loss: 0.6763 - acc: 0.8077 - val_loss: 0.8003 - val_acc: 0.7378
Epoch 201/500
1347/1347 - 0s - loss: 0.6735 - acc: 0.8077 - val_loss: 0.7976 - val_acc: 0.7378
Epoch 202/500
1347/1347 - 0s - loss: 0.6709 - acc: 0.8085 - val_loss: 0.7951 - val_acc: 0.7378
Epoch 203/500
1347/1347 - 0s - loss: 0.6683 - acc: 0.8107 - val_loss: 0.7925 - val_acc: 0.7400
Epoch 204/500
1347/1347 - 0s - loss: 0.6657 - acc: 0.8114 - val_loss: 0.7900 - val_acc: 0.7444
Epoch 205/500
1347/1347 - 0s - loss: 0.6631 - acc: 0.8107 - val_loss: 0.7874 - val_acc: 0.7467
Epoch 206/500
1347/1347 - 0s - loss: 0.6605 - acc: 0.8122 - val_loss: 0.7848 - val_acc: 0.7467
Epoch 207/500
1347/1347 - 0s - loss: 0.6579 - acc: 0.8129 - val_loss: 0.7822 - val_acc: 0.7467
Epoch 208/500
1347/1347 - 0s - loss: 0.6553 - acc: 0.8129 - val_loss: 0.7796 - val_acc: 0.7489
Epoch 209/500
1347/1347 - 0s - loss: 0.6528 - acc: 0.8137 - val_loss: 0.7771 - val_acc: 0.7489
Epoch 210/500
1347/1347 - 0s - loss: 0.6502 - acc: 0.8151 - val_loss: 0.7748 - val_acc: 0.7511
Epoch 211/500
1347/1347 - 0s - loss: 0.6477 - acc: 0.8159 - val_loss: 0.7722 - val_acc: 0.7511
Epoch 212/500
1347/1347 - 0s - loss: 0.6452 - acc: 0.8181 - val_loss: 0.7696 - val_acc: 0.7533
Epoch 213/500
1347/1347 - 0s - loss: 0.6427 - acc: 0.8189 - val_loss: 0.7670 - val_acc: 0.7533
Epoch 214/500
1347/1347 - 0s - loss: 0.6402 - acc: 0.8218 - val_loss: 0.7646 - val_acc: 0.7533
Epoch 215/500
1347/1347 - 0s - loss: 0.6378 - acc: 0.8226 - val_loss: 0.7622 - val_acc: 0.7556
Epoch 216/500
1347/1347 - 0s - loss: 0.6353 - acc: 0.8233 - val_loss: 0.7598 - val_acc: 0.7578
Epoch 217/500
1347/1347 - 0s - loss: 0.6329 - acc: 0.8248 - val_loss: 0.7575 - val_acc: 0.7600
Epoch 218/500
1347/1347 - 0s - loss: 0.6305 - acc: 0.8255 - val_loss: 0.7551 - val_acc: 0.7600
Epoch 219/500
1347/1347 - 0s - loss: 0.6281 - acc: 0.8270 - val_loss: 0.7527 - val_acc: 0.7622
Epoch 220/500
1347/1347 - 0s - loss: 0.6257 - acc: 0.8278 - val_loss: 0.7503 - val_acc: 0.7622
Epoch 221/500
1347/1347 - 0s - loss: 0.6233 - acc: 0.8278 - val_loss: 0.7480 - val_acc: 0.7622
Epoch 222/500
1347/1347 - 0s - loss: 0.6209 - acc: 0.8285 - val_loss: 0.7457 - val_acc: 0.7622
Epoch 223/500
1347/1347 - 0s - loss: 0.6186 - acc: 0.8293 - val_loss: 0.7433 - val_acc: 0.7644
Epoch 224/500
1347/1347 - 0s - loss: 0.6163 - acc: 0.8307 - val_loss: 0.7411 - val_acc: 0.7644
Epoch 225/500
1347/1347 - 0s - loss: 0.6140 - acc: 0.8315 - val_loss: 0.7386 - val_acc: 0.7644
Epoch 226/500
1347/1347 - 0s - loss: 0.6117 - acc: 0.8330 - val_loss: 0.7363 - val_acc: 0.7667
Epoch 227/500
1347/1347 - 0s - loss: 0.6094 - acc: 0.8322 - val_loss: 0.7341 - val_acc: 0.7667
Epoch 228/500
1347/1347 - 0s - loss: 0.6072 - acc: 0.8344 - val_loss: 0.7320 - val_acc: 0.7689
Epoch 229/500
1347/1347 - 0s - loss: 0.6050 - acc: 0.8367 - val_loss: 0.7298 - val_acc: 0.7689
Epoch 230/500
1347/1347 - 0s - loss: 0.6028 - acc: 0.8374 - val_loss: 0.7277 - val_acc: 0.7689
Epoch 231/500
1347/1347 - 0s - loss: 0.6007 - acc: 0.8374 - val_loss: 0.7255 - val_acc: 0.7689
Epoch 232/500
1347/1347 - 0s - loss: 0.5985 - acc: 0.8382 - val_loss: 0.7230 - val_acc: 0.7711
Epoch 233/500
1347/1347 - 0s - loss: 0.5963 - acc: 0.8382 - val_loss: 0.7206 - val_acc: 0.7711
Epoch 234/500
1347/1347 - 0s - loss: 0.5941 - acc: 0.8389 - val_loss: 0.7185 - val_acc: 0.7711
Epoch 235/500
1347/1347 - 0s - loss: 0.5920 - acc: 0.8404 - val_loss: 0.7165 - val_acc: 0.7711
Epoch 236/500
1347/1347 - 0s - loss: 0.5899 - acc: 0.8411 - val_loss: 0.7143 - val_acc: 0.7711
Epoch 237/500
1347/1347 - 0s - loss: 0.5878 - acc: 0.8419 - val_loss: 0.7123 - val_acc: 0.7733
Epoch 238/500
1347/1347 - 0s - loss: 0.5857 - acc: 0.8419 - val_loss: 0.7104 - val_acc: 0.7733
Epoch 239/500
1347/1347 - 0s - loss: 0.5836 - acc: 0.8434 - val_loss: 0.7085 - val_acc: 0.7733
Epoch 240/500
1347/1347 - 0s - loss: 0.5816 - acc: 0.8441 - val_loss: 0.7063 - val_acc: 0.7733
Epoch 241/500
1347/1347 - 0s - loss: 0.5795 - acc: 0.8441 - val_loss: 0.7043 - val_acc: 0.7733
Epoch 242/500
1347/1347 - 0s - loss: 0.5775 - acc: 0.8456 - val_loss: 0.7024 - val_acc: 0.7778
Epoch 243/500
1347/1347 - 0s - loss: 0.5755 - acc: 0.8486 - val_loss: 0.7002 - val_acc: 0.7778
Epoch 244/500
1347/1347 - 0s - loss: 0.5735 - acc: 0.8478 - val_loss: 0.6982 - val_acc: 0.7778
Epoch 245/500
1347/1347 - 0s - loss: 0.5714 - acc: 0.8500 - val_loss: 0.6960 - val_acc: 0.7778
Epoch 246/500
1347/1347 - 0s - loss: 0.5694 - acc: 0.8523 - val_loss: 0.6941 - val_acc: 0.7778
Epoch 247/500
1347/1347 - 0s - loss: 0.5673 - acc: 0.8545 - val_loss: 0.6921 - val_acc: 0.7778
Epoch 248/500
1347/1347 - 0s - loss: 0.5653 - acc: 0.8552 - val_loss: 0.6905 - val_acc: 0.7778
Epoch 249/500
1347/1347 - 0s - loss: 0.5634 - acc: 0.8552 - val_loss: 0.6886 - val_acc: 0.7800
Epoch 250/500
1347/1347 - 0s - loss: 0.5614 - acc: 0.8560 - val_loss: 0.6867 - val_acc: 0.7800
Epoch 251/500
1347/1347 - 0s - loss: 0.5595 - acc: 0.8567 - val_loss: 0.6849 - val_acc: 0.7800
Epoch 252/500
1347/1347 - 0s - loss: 0.5576 - acc: 0.8567 - val_loss: 0.6830 - val_acc: 0.7800
Epoch 253/500
1347/1347 - 0s - loss: 0.5558 - acc: 0.8575 - val_loss: 0.6812 - val_acc: 0.7800
Epoch 254/500
1347/1347 - 0s - loss: 0.5539 - acc: 0.8575 - val_loss: 0.6794 - val_acc: 0.7800
Epoch 255/500
1347/1347 - 0s - loss: 0.5520 - acc: 0.8582 - val_loss: 0.6776 - val_acc: 0.7822
Epoch 256/500
1347/1347 - 0s - loss: 0.5502 - acc: 0.8597 - val_loss: 0.6759 - val_acc: 0.7844
Epoch 257/500
1347/1347 - 0s - loss: 0.5484 - acc: 0.8589 - val_loss: 0.6742 - val_acc: 0.7867
Epoch 258/500
1347/1347 - 0s - loss: 0.5465 - acc: 0.8597 - val_loss: 0.6724 - val_acc: 0.7867
Epoch 259/500
1347/1347 - 0s - loss: 0.5446 - acc: 0.8604 - val_loss: 0.6706 - val_acc: 0.7867
Epoch 260/500
1347/1347 - 0s - loss: 0.5428 - acc: 0.8604 - val_loss: 0.6688 - val_acc: 0.7867
Epoch 261/500
1347/1347 - 0s - loss: 0.5411 - acc: 0.8604 - val_loss: 0.6672 - val_acc: 0.7867
Epoch 262/500
1347/1347 - 0s - loss: 0.5392 - acc: 0.8612 - val_loss: 0.6655 - val_acc: 0.7889
Epoch 263/500
1347/1347 - 0s - loss: 0.5375 - acc: 0.8612 - val_loss: 0.6638 - val_acc: 0.7889
Epoch 264/500
1347/1347 - 0s - loss: 0.5357 - acc: 0.8619 - val_loss: 0.6621 - val_acc: 0.7889
Epoch 265/500
1347/1347 - 0s - loss: 0.5339 - acc: 0.8619 - val_loss: 0.6604 - val_acc: 0.7889
Epoch 266/500
1347/1347 - 0s - loss: 0.5322 - acc: 0.8627 - val_loss: 0.6587 - val_acc: 0.7889
Epoch 267/500
1347/1347 - 0s - loss: 0.5304 - acc: 0.8627 - val_loss: 0.6571 - val_acc: 0.7889
Epoch 268/500
1347/1347 - 0s - loss: 0.5287 - acc: 0.8634 - val_loss: 0.6554 - val_acc: 0.7889
Epoch 269/500
1347/1347 - 0s - loss: 0.5270 - acc: 0.8634 - val_loss: 0.6537 - val_acc: 0.7911
Epoch 270/500
1347/1347 - 0s - loss: 0.5254 - acc: 0.8641 - val_loss: 0.6520 - val_acc: 0.7933
Epoch 271/500
1347/1347 - 0s - loss: 0.5237 - acc: 0.8641 - val_loss: 0.6504 - val_acc: 0.7933
Epoch 272/500
1347/1347 - 0s - loss: 0.5220 - acc: 0.8641 - val_loss: 0.6487 - val_acc: 0.7933
Epoch 273/500
1347/1347 - 0s - loss: 0.5204 - acc: 0.8641 - val_loss: 0.6469 - val_acc: 0.7933
Epoch 274/500
1347/1347 - 0s - loss: 0.5187 - acc: 0.8641 - val_loss: 0.6452 - val_acc: 0.7956
Epoch 275/500
1347/1347 - 0s - loss: 0.5170 - acc: 0.8641 - val_loss: 0.6437 - val_acc: 0.7956
Epoch 276/500
1347/1347 - 0s - loss: 0.5154 - acc: 0.8641 - val_loss: 0.6421 - val_acc: 0.7956
Epoch 277/500
1347/1347 - 0s - loss: 0.5138 - acc: 0.8641 - val_loss: 0.6406 - val_acc: 0.7978
Epoch 278/500
1347/1347 - 0s - loss: 0.5122 - acc: 0.8649 - val_loss: 0.6390 - val_acc: 0.7978
Epoch 279/500
1347/1347 - 0s - loss: 0.5106 - acc: 0.8649 - val_loss: 0.6377 - val_acc: 0.7956
Epoch 280/500
1347/1347 - 0s - loss: 0.5090 - acc: 0.8649 - val_loss: 0.6361 - val_acc: 0.7956
Epoch 281/500
1347/1347 - 0s - loss: 0.5074 - acc: 0.8656 - val_loss: 0.6345 - val_acc: 0.7978
Epoch 282/500
1347/1347 - 0s - loss: 0.5058 - acc: 0.8656 - val_loss: 0.6329 - val_acc: 0.7978
Epoch 283/500
1347/1347 - 0s - loss: 0.5042 - acc: 0.8664 - val_loss: 0.6313 - val_acc: 0.7978
Epoch 284/500
1347/1347 - 0s - loss: 0.5026 - acc: 0.8671 - val_loss: 0.6297 - val_acc: 0.7978
Epoch 285/500
1347/1347 - 0s - loss: 0.5011 - acc: 0.8671 - val_loss: 0.6281 - val_acc: 0.7978
Epoch 286/500
1347/1347 - 0s - loss: 0.4995 - acc: 0.8671 - val_loss: 0.6265 - val_acc: 0.7978
Epoch 287/500
1347/1347 - 0s - loss: 0.4979 - acc: 0.8671 - val_loss: 0.6250 - val_acc: 0.7978
Epoch 288/500
1347/1347 - 0s - loss: 0.4964 - acc: 0.8679 - val_loss: 0.6236 - val_acc: 0.7978
Epoch 289/500
1347/1347 - 0s - loss: 0.4949 - acc: 0.8693 - val_loss: 0.6221 - val_acc: 0.7978
Epoch 290/500
1347/1347 - 0s - loss: 0.4934 - acc: 0.8701 - val_loss: 0.6206 - val_acc: 0.8022
Epoch 291/500
1347/1347 - 0s - loss: 0.4919 - acc: 0.8701 - val_loss: 0.6191 - val_acc: 0.8022
Epoch 292/500
1347/1347 - 0s - loss: 0.4904 - acc: 0.8701 - val_loss: 0.6177 - val_acc: 0.8022
Epoch 293/500
1347/1347 - 0s - loss: 0.4889 - acc: 0.8701 - val_loss: 0.6163 - val_acc: 0.8022
Epoch 294/500
1347/1347 - 0s - loss: 0.4875 - acc: 0.8701 - val_loss: 0.6148 - val_acc: 0.8022
Epoch 295/500
1347/1347 - 0s - loss: 0.4860 - acc: 0.8701 - val_loss: 0.6134 - val_acc: 0.8044
Epoch 296/500
1347/1347 - 0s - loss: 0.4846 - acc: 0.8701 - val_loss: 0.6120 - val_acc: 0.8044
Epoch 297/500
1347/1347 - 0s - loss: 0.4832 - acc: 0.8716 - val_loss: 0.6107 - val_acc: 0.8067
Epoch 298/500
1347/1347 - 0s - loss: 0.4817 - acc: 0.8723 - val_loss: 0.6094 - val_acc: 0.8067
Epoch 299/500
1347/1347 - 0s - loss: 0.4803 - acc: 0.8745 - val_loss: 0.6080 - val_acc: 0.8067
Epoch 300/500
1347/1347 - 0s - loss: 0.4789 - acc: 0.8745 - val_loss: 0.6068 - val_acc: 0.8067
Epoch 301/500
1347/1347 - 0s - loss: 0.4775 - acc: 0.8745 - val_loss: 0.6057 - val_acc: 0.8067
Epoch 302/500
1347/1347 - 0s - loss: 0.4761 - acc: 0.8753 - val_loss: 0.6044 - val_acc: 0.8067
Epoch 303/500
1347/1347 - 0s - loss: 0.4747 - acc: 0.8760 - val_loss: 0.6029 - val_acc: 0.8067
Epoch 304/500
1347/1347 - 0s - loss: 0.4733 - acc: 0.8760 - val_loss: 0.6015 - val_acc: 0.8067
Epoch 305/500
1347/1347 - 0s - loss: 0.4720 - acc: 0.8760 - val_loss: 0.6002 - val_acc: 0.8067
Epoch 306/500
1347/1347 - 0s - loss: 0.4706 - acc: 0.8760 - val_loss: 0.5986 - val_acc: 0.8067
Epoch 307/500
1347/1347 - 0s - loss: 0.4692 - acc: 0.8768 - val_loss: 0.5971 - val_acc: 0.8067
Epoch 308/500
1347/1347 - 0s - loss: 0.4679 - acc: 0.8768 - val_loss: 0.5959 - val_acc: 0.8067
Epoch 309/500
1347/1347 - 0s - loss: 0.4665 - acc: 0.8768 - val_loss: 0.5946 - val_acc: 0.8067
Epoch 310/500
1347/1347 - 0s - loss: 0.4652 - acc: 0.8775 - val_loss: 0.5933 - val_acc: 0.8067
Epoch 311/500
1347/1347 - 0s - loss: 0.4639 - acc: 0.8775 - val_loss: 0.5920 - val_acc: 0.8067
Epoch 312/500
1347/1347 - 0s - loss: 0.4626 - acc: 0.8775 - val_loss: 0.5905 - val_acc: 0.8067
Epoch 313/500
1347/1347 - 0s - loss: 0.4613 - acc: 0.8775 - val_loss: 0.5894 - val_acc: 0.8067
Epoch 314/500
1347/1347 - 0s - loss: 0.4600 - acc: 0.8790 - val_loss: 0.5880 - val_acc: 0.8067
Epoch 315/500
1347/1347 - 0s - loss: 0.4587 - acc: 0.8790 - val_loss: 0.5866 - val_acc: 0.8067
Epoch 316/500
1347/1347 - 0s - loss: 0.4574 - acc: 0.8790 - val_loss: 0.5854 - val_acc: 0.8067
Epoch 317/500
1347/1347 - 0s - loss: 0.4561 - acc: 0.8797 - val_loss: 0.5841 - val_acc: 0.8067
Epoch 318/500
1347/1347 - 0s - loss: 0.4548 - acc: 0.8797 - val_loss: 0.5828 - val_acc: 0.8111
Epoch 319/500
1347/1347 - 0s - loss: 0.4536 - acc: 0.8797 - val_loss: 0.5816 - val_acc: 0.8133
Epoch 320/500
1347/1347 - 0s - loss: 0.4523 - acc: 0.8797 - val_loss: 0.5803 - val_acc: 0.8156
Epoch 321/500
1347/1347 - 0s - loss: 0.4510 - acc: 0.8797 - val_loss: 0.5790 - val_acc: 0.8156
Epoch 322/500
1347/1347 - 0s - loss: 0.4498 - acc: 0.8797 - val_loss: 0.5777 - val_acc: 0.8156
Epoch 323/500
1347/1347 - 0s - loss: 0.4485 - acc: 0.8812 - val_loss: 0.5765 - val_acc: 0.8156
Epoch 324/500
1347/1347 - 0s - loss: 0.4473 - acc: 0.8812 - val_loss: 0.5752 - val_acc: 0.8156
Epoch 325/500
1347/1347 - 0s - loss: 0.4461 - acc: 0.8834 - val_loss: 0.5741 - val_acc: 0.8178
Epoch 326/500
1347/1347 - 0s - loss: 0.4449 - acc: 0.8842 - val_loss: 0.5729 - val_acc: 0.8178
Epoch 327/500
1347/1347 - 0s - loss: 0.4437 - acc: 0.8842 - val_loss: 0.5717 - val_acc: 0.8178
Epoch 328/500
1347/1347 - 0s - loss: 0.4424 - acc: 0.8857 - val_loss: 0.5703 - val_acc: 0.8178
Epoch 329/500
1347/1347 - 0s - loss: 0.4412 - acc: 0.8857 - val_loss: 0.5691 - val_acc: 0.8178
Epoch 330/500
1347/1347 - 0s - loss: 0.4400 - acc: 0.8857 - val_loss: 0.5679 - val_acc: 0.8178
Epoch 331/500
1347/1347 - 0s - loss: 0.4389 - acc: 0.8857 - val_loss: 0.5667 - val_acc: 0.8178
Epoch 332/500
1347/1347 - 0s - loss: 0.4377 - acc: 0.8864 - val_loss: 0.5655 - val_acc: 0.8178
Epoch 333/500
1347/1347 - 0s - loss: 0.4365 - acc: 0.8864 - val_loss: 0.5644 - val_acc: 0.8178
Epoch 334/500
1347/1347 - 0s - loss: 0.4353 - acc: 0.8872 - val_loss: 0.5632 - val_acc: 0.8178
Epoch 335/500
1347/1347 - 0s - loss: 0.4342 - acc: 0.8872 - val_loss: 0.5619 - val_acc: 0.8200
Epoch 336/500
1347/1347 - 0s - loss: 0.4330 - acc: 0.8872 - val_loss: 0.5609 - val_acc: 0.8200
Epoch 337/500
1347/1347 - 0s - loss: 0.4319 - acc: 0.8872 - val_loss: 0.5597 - val_acc: 0.8200
Epoch 338/500
1347/1347 - 0s - loss: 0.4307 - acc: 0.8872 - val_loss: 0.5586 - val_acc: 0.8200
Epoch 339/500
1347/1347 - 0s - loss: 0.4296 - acc: 0.8872 - val_loss: 0.5575 - val_acc: 0.8200
Epoch 340/500
1347/1347 - 0s - loss: 0.4285 - acc: 0.8872 - val_loss: 0.5564 - val_acc: 0.8222
Epoch 341/500
1347/1347 - 0s - loss: 0.4274 - acc: 0.8872 - val_loss: 0.5554 - val_acc: 0.8222
Epoch 342/500
1347/1347 - 0s - loss: 0.4262 - acc: 0.8879 - val_loss: 0.5543 - val_acc: 0.8222
Epoch 343/500
1347/1347 - 0s - loss: 0.4251 - acc: 0.8879 - val_loss: 0.5532 - val_acc: 0.8222
Epoch 344/500
1347/1347 - 0s - loss: 0.4240 - acc: 0.8886 - val_loss: 0.5522 - val_acc: 0.8244
Epoch 345/500
1347/1347 - 0s - loss: 0.4229 - acc: 0.8879 - val_loss: 0.5510 - val_acc: 0.8267
Epoch 346/500
1347/1347 - 0s - loss: 0.4218 - acc: 0.8894 - val_loss: 0.5500 - val_acc: 0.8289
Epoch 347/500
1347/1347 - 0s - loss: 0.4208 - acc: 0.8894 - val_loss: 0.5489 - val_acc: 0.8311
Epoch 348/500
1347/1347 - 0s - loss: 0.4197 - acc: 0.8894 - val_loss: 0.5477 - val_acc: 0.8311
Epoch 349/500
1347/1347 - 0s - loss: 0.4186 - acc: 0.8901 - val_loss: 0.5467 - val_acc: 0.8311
Epoch 350/500
1347/1347 - 0s - loss: 0.4176 - acc: 0.8901 - val_loss: 0.5454 - val_acc: 0.8311
Epoch 351/500
1347/1347 - 0s - loss: 0.4164 - acc: 0.8909 - val_loss: 0.5444 - val_acc: 0.8311
Epoch 352/500
1347/1347 - 0s - loss: 0.4154 - acc: 0.8909 - val_loss: 0.5433 - val_acc: 0.8311
Epoch 353/500
1347/1347 - 0s - loss: 0.4143 - acc: 0.8916 - val_loss: 0.5423 - val_acc: 0.8311
Epoch 354/500
1347/1347 - 0s - loss: 0.4133 - acc: 0.8916 - val_loss: 0.5412 - val_acc: 0.8311
Epoch 355/500
1347/1347 - 0s - loss: 0.4122 - acc: 0.8916 - val_loss: 0.5402 - val_acc: 0.8333
Epoch 356/500
1347/1347 - 0s - loss: 0.4112 - acc: 0.8924 - val_loss: 0.5390 - val_acc: 0.8333
Epoch 357/500
1347/1347 - 0s - loss: 0.4101 - acc: 0.8938 - val_loss: 0.5381 - val_acc: 0.8333
Epoch 358/500
1347/1347 - 0s - loss: 0.4091 - acc: 0.8953 - val_loss: 0.5371 - val_acc: 0.8333
Epoch 359/500
1347/1347 - 0s - loss: 0.4081 - acc: 0.8953 - val_loss: 0.5361 - val_acc: 0.8333
Epoch 360/500
1347/1347 - 0s - loss: 0.4071 - acc: 0.8953 - val_loss: 0.5350 - val_acc: 0.8333
Epoch 361/500
1347/1347 - 0s - loss: 0.4061 - acc: 0.8953 - val_loss: 0.5340 - val_acc: 0.8333
Epoch 362/500
1347/1347 - 0s - loss: 0.4051 - acc: 0.8953 - val_loss: 0.5329 - val_acc: 0.8333
Epoch 363/500
1347/1347 - 0s - loss: 0.4040 - acc: 0.8953 - val_loss: 0.5319 - val_acc: 0.8333
Epoch 364/500
1347/1347 - 0s - loss: 0.4031 - acc: 0.8953 - val_loss: 0.5309 - val_acc: 0.8333
Epoch 365/500
1347/1347 - 0s - loss: 0.4021 - acc: 0.8953 - val_loss: 0.5300 - val_acc: 0.8333
Epoch 366/500
1347/1347 - 0s - loss: 0.4011 - acc: 0.8961 - val_loss: 0.5290 - val_acc: 0.8356
Epoch 367/500
1347/1347 - 0s - loss: 0.4001 - acc: 0.8953 - val_loss: 0.5280 - val_acc: 0.8356
Epoch 368/500
1347/1347 - 0s - loss: 0.3991 - acc: 0.8953 - val_loss: 0.5271 - val_acc: 0.8356
Epoch 369/500
1347/1347 - 0s - loss: 0.3982 - acc: 0.8961 - val_loss: 0.5259 - val_acc: 0.8378
Epoch 370/500
1347/1347 - 0s - loss: 0.3972 - acc: 0.8961 - val_loss: 0.5251 - val_acc: 0.8378
Epoch 371/500
1347/1347 - 0s - loss: 0.3962 - acc: 0.8968 - val_loss: 0.5241 - val_acc: 0.8378
Epoch 372/500
1347/1347 - 0s - loss: 0.3953 - acc: 0.8976 - val_loss: 0.5232 - val_acc: 0.8378
Epoch 373/500
1347/1347 - 0s - loss: 0.3943 - acc: 0.8983 - val_loss: 0.5223 - val_acc: 0.8378
Epoch 374/500
1347/1347 - 0s - loss: 0.3933 - acc: 0.8990 - val_loss: 0.5214 - val_acc: 0.8400
Epoch 375/500
1347/1347 - 0s - loss: 0.3924 - acc: 0.8990 - val_loss: 0.5204 - val_acc: 0.8400
Epoch 376/500
1347/1347 - 0s - loss: 0.3914 - acc: 0.8990 - val_loss: 0.5195 - val_acc: 0.8422
Epoch 377/500
1347/1347 - 0s - loss: 0.3905 - acc: 0.8990 - val_loss: 0.5186 - val_acc: 0.8422
Epoch 378/500
1347/1347 - 0s - loss: 0.3895 - acc: 0.8990 - val_loss: 0.5176 - val_acc: 0.8422
Epoch 379/500
1347/1347 - 0s - loss: 0.3886 - acc: 0.8998 - val_loss: 0.5168 - val_acc: 0.8422
Epoch 380/500
1347/1347 - 0s - loss: 0.3877 - acc: 0.8998 - val_loss: 0.5156 - val_acc: 0.8422
Epoch 381/500
1347/1347 - 0s - loss: 0.3867 - acc: 0.8998 - val_loss: 0.5147 - val_acc: 0.8422
Epoch 382/500
1347/1347 - 0s - loss: 0.3858 - acc: 0.9005 - val_loss: 0.5138 - val_acc: 0.8422
Epoch 383/500
1347/1347 - 0s - loss: 0.3849 - acc: 0.9005 - val_loss: 0.5129 - val_acc: 0.8422
Epoch 384/500
1347/1347 - 0s - loss: 0.3840 - acc: 0.9005 - val_loss: 0.5120 - val_acc: 0.8444
Epoch 385/500
1347/1347 - 0s - loss: 0.3830 - acc: 0.9005 - val_loss: 0.5111 - val_acc: 0.8444
Epoch 386/500
1347/1347 - 0s - loss: 0.3822 - acc: 0.9005 - val_loss: 0.5102 - val_acc: 0.8444
Epoch 387/500
1347/1347 - 0s - loss: 0.3812 - acc: 0.9005 - val_loss: 0.5093 - val_acc: 0.8444
Epoch 388/500
1347/1347 - 0s - loss: 0.3803 - acc: 0.9005 - val_loss: 0.5085 - val_acc: 0.8444
Epoch 389/500
1347/1347 - 0s - loss: 0.3795 - acc: 0.9013 - val_loss: 0.5073 - val_acc: 0.8444
Epoch 390/500
1347/1347 - 0s - loss: 0.3786 - acc: 0.9013 - val_loss: 0.5065 - val_acc: 0.8444
Epoch 391/500
1347/1347 - 0s - loss: 0.3777 - acc: 0.9013 - val_loss: 0.5056 - val_acc: 0.8444
Epoch 392/500
1347/1347 - 0s - loss: 0.3768 - acc: 0.9013 - val_loss: 0.5047 - val_acc: 0.8444
Epoch 393/500
1347/1347 - 0s - loss: 0.3759 - acc: 0.9013 - val_loss: 0.5039 - val_acc: 0.8444
Epoch 394/500
1347/1347 - 0s - loss: 0.3750 - acc: 0.9020 - val_loss: 0.5030 - val_acc: 0.8444
Epoch 395/500
1347/1347 - 0s - loss: 0.3742 - acc: 0.9020 - val_loss: 0.5021 - val_acc: 0.8444
Epoch 396/500
1347/1347 - 0s - loss: 0.3733 - acc: 0.9027 - val_loss: 0.5013 - val_acc: 0.8444
Epoch 397/500
1347/1347 - 0s - loss: 0.3724 - acc: 0.9027 - val_loss: 0.5005 - val_acc: 0.8444
Epoch 398/500
1347/1347 - 0s - loss: 0.3716 - acc: 0.9035 - val_loss: 0.4996 - val_acc: 0.8444
Epoch 399/500
1347/1347 - 0s - loss: 0.3707 - acc: 0.9027 - val_loss: 0.4988 - val_acc: 0.8444
Epoch 400/500
1347/1347 - 0s - loss: 0.3699 - acc: 0.9035 - val_loss: 0.4980 - val_acc: 0.8444
Epoch 401/500
1347/1347 - 0s - loss: 0.3690 - acc: 0.9035 - val_loss: 0.4969 - val_acc: 0.8444
Epoch 402/500
1347/1347 - 0s - loss: 0.3681 - acc: 0.9042 - val_loss: 0.4957 - val_acc: 0.8444
Epoch 403/500
1347/1347 - 0s - loss: 0.3672 - acc: 0.9050 - val_loss: 0.4948 - val_acc: 0.8444
Epoch 404/500
1347/1347 - 0s - loss: 0.3663 - acc: 0.9050 - val_loss: 0.4939 - val_acc: 0.8444
Epoch 405/500
1347/1347 - 0s - loss: 0.3655 - acc: 0.9057 - val_loss: 0.4932 - val_acc: 0.8444
Epoch 406/500
1347/1347 - 0s - loss: 0.3647 - acc: 0.9057 - val_loss: 0.4924 - val_acc: 0.8444
Epoch 407/500
1347/1347 - 0s - loss: 0.3638 - acc: 0.9065 - val_loss: 0.4915 - val_acc: 0.8444
Epoch 408/500
1347/1347 - 0s - loss: 0.3630 - acc: 0.9072 - val_loss: 0.4908 - val_acc: 0.8444
Epoch 409/500
1347/1347 - 0s - loss: 0.3621 - acc: 0.9072 - val_loss: 0.4900 - val_acc: 0.8444
Epoch 410/500
1347/1347 - 0s - loss: 0.3613 - acc: 0.9079 - val_loss: 0.4891 - val_acc: 0.8444
Epoch 411/500
1347/1347 - 0s - loss: 0.3604 - acc: 0.9087 - val_loss: 0.4883 - val_acc: 0.8444
Epoch 412/500
1347/1347 - 0s - loss: 0.3596 - acc: 0.9087 - val_loss: 0.4874 - val_acc: 0.8444
Epoch 413/500
1347/1347 - 0s - loss: 0.3588 - acc: 0.9102 - val_loss: 0.4867 - val_acc: 0.8444
Epoch 414/500
1347/1347 - 0s - loss: 0.3580 - acc: 0.9102 - val_loss: 0.4859 - val_acc: 0.8444
Epoch 415/500
1347/1347 - 0s - loss: 0.3571 - acc: 0.9102 - val_loss: 0.4851 - val_acc: 0.8444
Epoch 416/500
1347/1347 - 0s - loss: 0.3564 - acc: 0.9102 - val_loss: 0.4845 - val_acc: 0.8444
Epoch 417/500
1347/1347 - 0s - loss: 0.3556 - acc: 0.9102 - val_loss: 0.4836 - val_acc: 0.8444
Epoch 418/500
1347/1347 - 0s - loss: 0.3548 - acc: 0.9102 - val_loss: 0.4830 - val_acc: 0.8444
Epoch 419/500
1347/1347 - 0s - loss: 0.3540 - acc: 0.9102 - val_loss: 0.4822 - val_acc: 0.8444
Epoch 420/500
1347/1347 - 0s - loss: 0.3532 - acc: 0.9102 - val_loss: 0.4814 - val_acc: 0.8444
Epoch 421/500
1347/1347 - 0s - loss: 0.3524 - acc: 0.9102 - val_loss: 0.4807 - val_acc: 0.8444
Epoch 422/500
1347/1347 - 0s - loss: 0.3516 - acc: 0.9109 - val_loss: 0.4799 - val_acc: 0.8444
Epoch 423/500
1347/1347 - 0s - loss: 0.3508 - acc: 0.9109 - val_loss: 0.4792 - val_acc: 0.8444
Epoch 424/500
1347/1347 - 0s - loss: 0.3500 - acc: 0.9109 - val_loss: 0.4786 - val_acc: 0.8444
Epoch 425/500
1347/1347 - 0s - loss: 0.3493 - acc: 0.9109 - val_loss: 0.4778 - val_acc: 0.8444
Epoch 426/500
1347/1347 - 0s - loss: 0.3485 - acc: 0.9117 - val_loss: 0.4770 - val_acc: 0.8444
Epoch 427/500
1347/1347 - 0s - loss: 0.3477 - acc: 0.9117 - val_loss: 0.4763 - val_acc: 0.8444
Epoch 428/500
1347/1347 - 0s - loss: 0.3470 - acc: 0.9124 - val_loss: 0.4755 - val_acc: 0.8444
Epoch 429/500
1347/1347 - 0s - loss: 0.3462 - acc: 0.9124 - val_loss: 0.4746 - val_acc: 0.8444
Epoch 430/500
1347/1347 - 0s - loss: 0.3454 - acc: 0.9124 - val_loss: 0.4737 - val_acc: 0.8444
Epoch 431/500
1347/1347 - 0s - loss: 0.3447 - acc: 0.9131 - val_loss: 0.4730 - val_acc: 0.8444
Epoch 432/500
1347/1347 - 0s - loss: 0.3439 - acc: 0.9139 - val_loss: 0.4723 - val_acc: 0.8467
Epoch 433/500
1347/1347 - 0s - loss: 0.3431 - acc: 0.9131 - val_loss: 0.4716 - val_acc: 0.8467
Epoch 434/500
1347/1347 - 0s - loss: 0.3424 - acc: 0.9139 - val_loss: 0.4710 - val_acc: 0.8489
Epoch 435/500
1347/1347 - 0s - loss: 0.3416 - acc: 0.9146 - val_loss: 0.4701 - val_acc: 0.8489
Epoch 436/500
1347/1347 - 0s - loss: 0.3409 - acc: 0.9146 - val_loss: 0.4694 - val_acc: 0.8511
Epoch 437/500
1347/1347 - 0s - loss: 0.3401 - acc: 0.9146 - val_loss: 0.4686 - val_acc: 0.8533
Epoch 438/500
1347/1347 - 0s - loss: 0.3394 - acc: 0.9139 - val_loss: 0.4679 - val_acc: 0.8533
Epoch 439/500
1347/1347 - 0s - loss: 0.3387 - acc: 0.9146 - val_loss: 0.4670 - val_acc: 0.8511
Epoch 440/500
1347/1347 - 0s - loss: 0.3379 - acc: 0.9146 - val_loss: 0.4662 - val_acc: 0.8511
Epoch 441/500
1347/1347 - 0s - loss: 0.3372 - acc: 0.9146 - val_loss: 0.4655 - val_acc: 0.8533
Epoch 442/500
1347/1347 - 0s - loss: 0.3364 - acc: 0.9146 - val_loss: 0.4649 - val_acc: 0.8533
Epoch 443/500
1347/1347 - 0s - loss: 0.3357 - acc: 0.9146 - val_loss: 0.4642 - val_acc: 0.8533
Epoch 444/500
1347/1347 - 0s - loss: 0.3350 - acc: 0.9154 - val_loss: 0.4635 - val_acc: 0.8533
Epoch 445/500
1347/1347 - 0s - loss: 0.3343 - acc: 0.9154 - val_loss: 0.4628 - val_acc: 0.8556
Epoch 446/500
1347/1347 - 0s - loss: 0.3335 - acc: 0.9154 - val_loss: 0.4621 - val_acc: 0.8556
Epoch 447/500
1347/1347 - 0s - loss: 0.3329 - acc: 0.9161 - val_loss: 0.4614 - val_acc: 0.8556
Epoch 448/500
1347/1347 - 0s - loss: 0.3321 - acc: 0.9154 - val_loss: 0.4606 - val_acc: 0.8556
Epoch 449/500
1347/1347 - 0s - loss: 0.3314 - acc: 0.9154 - val_loss: 0.4600 - val_acc: 0.8556
Epoch 450/500
1347/1347 - 0s - loss: 0.3307 - acc: 0.9161 - val_loss: 0.4593 - val_acc: 0.8556
Epoch 451/500
1347/1347 - 0s - loss: 0.3300 - acc: 0.9161 - val_loss: 0.4586 - val_acc: 0.8556
Epoch 452/500
1347/1347 - 0s - loss: 0.3293 - acc: 0.9161 - val_loss: 0.4580 - val_acc: 0.8556
Epoch 453/500
1347/1347 - 0s - loss: 0.3286 - acc: 0.9161 - val_loss: 0.4572 - val_acc: 0.8556
Epoch 454/500
1347/1347 - 0s - loss: 0.3279 - acc: 0.9161 - val_loss: 0.4565 - val_acc: 0.8556
Epoch 455/500
1347/1347 - 0s - loss: 0.3272 - acc: 0.9169 - val_loss: 0.4559 - val_acc: 0.8556
Epoch 456/500
1347/1347 - 0s - loss: 0.3266 - acc: 0.9169 - val_loss: 0.4553 - val_acc: 0.8556
Epoch 457/500
1347/1347 - 0s - loss: 0.3259 - acc: 0.9176 - val_loss: 0.4546 - val_acc: 0.8556
Epoch 458/500
1347/1347 - 0s - loss: 0.3252 - acc: 0.9176 - val_loss: 0.4539 - val_acc: 0.8556
Epoch 459/500
1347/1347 - 0s - loss: 0.3245 - acc: 0.9183 - val_loss: 0.4533 - val_acc: 0.8556
Epoch 460/500
1347/1347 - 0s - loss: 0.3239 - acc: 0.9183 - val_loss: 0.4527 - val_acc: 0.8556
Epoch 461/500
1347/1347 - 0s - loss: 0.3232 - acc: 0.9183 - val_loss: 0.4520 - val_acc: 0.8556
Epoch 462/500
1347/1347 - 0s - loss: 0.3225 - acc: 0.9183 - val_loss: 0.4514 - val_acc: 0.8556
Epoch 463/500
1347/1347 - 0s - loss: 0.3219 - acc: 0.9191 - val_loss: 0.4507 - val_acc: 0.8556
Epoch 464/500
1347/1347 - 0s - loss: 0.3212 - acc: 0.9198 - val_loss: 0.4501 - val_acc: 0.8556
Epoch 465/500
1347/1347 - 0s - loss: 0.3205 - acc: 0.9198 - val_loss: 0.4495 - val_acc: 0.8556
Epoch 466/500
1347/1347 - 0s - loss: 0.3199 - acc: 0.9198 - val_loss: 0.4488 - val_acc: 0.8556
Epoch 467/500
1347/1347 - 0s - loss: 0.3192 - acc: 0.9198 - val_loss: 0.4481 - val_acc: 0.8556
Epoch 468/500
1347/1347 - 0s - loss: 0.3185 - acc: 0.9206 - val_loss: 0.4475 - val_acc: 0.8556
Epoch 469/500
1347/1347 - 0s - loss: 0.3179 - acc: 0.9206 - val_loss: 0.4468 - val_acc: 0.8556
Epoch 470/500
1347/1347 - 0s - loss: 0.3173 - acc: 0.9213 - val_loss: 0.4462 - val_acc: 0.8556
Epoch 471/500
1347/1347 - 0s - loss: 0.3166 - acc: 0.9213 - val_loss: 0.4457 - val_acc: 0.8556
Epoch 472/500
1347/1347 - 0s - loss: 0.3159 - acc: 0.9213 - val_loss: 0.4451 - val_acc: 0.8556
Epoch 473/500
1347/1347 - 0s - loss: 0.3153 - acc: 0.9213 - val_loss: 0.4444 - val_acc: 0.8556
Epoch 474/500
1347/1347 - 0s - loss: 0.3147 - acc: 0.9213 - val_loss: 0.4437 - val_acc: 0.8556
Epoch 475/500
1347/1347 - 0s - loss: 0.3140 - acc: 0.9220 - val_loss: 0.4431 - val_acc: 0.8556
Epoch 476/500
1347/1347 - 0s - loss: 0.3134 - acc: 0.9220 - val_loss: 0.4425 - val_acc: 0.8556
Epoch 477/500
1347/1347 - 0s - loss: 0.3128 - acc: 0.9213 - val_loss: 0.4419 - val_acc: 0.8556
Epoch 478/500
1347/1347 - 0s - loss: 0.3121 - acc: 0.9220 - val_loss: 0.4413 - val_acc: 0.8556
Epoch 479/500
1347/1347 - 0s - loss: 0.3115 - acc: 0.9220 - val_loss: 0.4406 - val_acc: 0.8578
Epoch 480/500
1347/1347 - 0s - loss: 0.3108 - acc: 0.9220 - val_loss: 0.4400 - val_acc: 0.8600
Epoch 481/500
1347/1347 - 0s - loss: 0.3102 - acc: 0.9220 - val_loss: 0.4395 - val_acc: 0.8600
Epoch 482/500
1347/1347 - 0s - loss: 0.3096 - acc: 0.9228 - val_loss: 0.4389 - val_acc: 0.8600
Epoch 483/500
1347/1347 - 0s - loss: 0.3090 - acc: 0.9228 - val_loss: 0.4383 - val_acc: 0.8600
Epoch 484/500
1347/1347 - 0s - loss: 0.3084 - acc: 0.9228 - val_loss: 0.4377 - val_acc: 0.8600
Epoch 485/500
1347/1347 - 0s - loss: 0.3078 - acc: 0.9228 - val_loss: 0.4371 - val_acc: 0.8622
Epoch 486/500
1347/1347 - 0s - loss: 0.3072 - acc: 0.9228 - val_loss: 0.4365 - val_acc: 0.8622
Epoch 487/500
1347/1347 - 0s - loss: 0.3066 - acc: 0.9228 - val_loss: 0.4359 - val_acc: 0.8622
Epoch 488/500
1347/1347 - 0s - loss: 0.3060 - acc: 0.9228 - val_loss: 0.4354 - val_acc: 0.8622
Epoch 489/500
1347/1347 - 0s - loss: 0.3054 - acc: 0.9220 - val_loss: 0.4348 - val_acc: 0.8622
Epoch 490/500
1347/1347 - 0s - loss: 0.3048 - acc: 0.9235 - val_loss: 0.4342 - val_acc: 0.8622
Epoch 491/500
1347/1347 - 0s - loss: 0.3042 - acc: 0.9243 - val_loss: 0.4336 - val_acc: 0.8622
Epoch 492/500
1347/1347 - 0s - loss: 0.3036 - acc: 0.9243 - val_loss: 0.4332 - val_acc: 0.8622
Epoch 493/500
1347/1347 - 0s - loss: 0.3030 - acc: 0.9250 - val_loss: 0.4327 - val_acc: 0.8667
Epoch 494/500
1347/1347 - 0s - loss: 0.3024 - acc: 0.9258 - val_loss: 0.4322 - val_acc: 0.8667
Epoch 495/500
1347/1347 - 0s - loss: 0.3019 - acc: 0.9258 - val_loss: 0.4316 - val_acc: 0.8667
Epoch 496/500
1347/1347 - 0s - loss: 0.3013 - acc: 0.9258 - val_loss: 0.4313 - val_acc: 0.8667
Epoch 497/500
1347/1347 - 0s - loss: 0.3007 - acc: 0.9258 - val_loss: 0.4307 - val_acc: 0.8689
Epoch 498/500
1347/1347 - 0s - loss: 0.3001 - acc: 0.9258 - val_loss: 0.4301 - val_acc: 0.8689
Epoch 499/500
1347/1347 - 0s - loss: 0.2995 - acc: 0.9258 - val_loss: 0.4296 - val_acc: 0.8689
Epoch 500/500
1347/1347 - 0s - loss: 0.2990 - acc: 0.9258 - val_loss: 0.4290 - val_acc: 0.8689
Test: [0.4290127872096168, 0.8688889]
Train: [0.2985074772114389, 0.9257609]
