epoch: 0 train_loss: 4.7408 train_accuracy: 0.1195 test_loss: 4.6946 test_accuracy: 0.1111
epoch: 1 train_loss: 4.4800 train_accuracy: 0.1299 test_loss: 4.4259 test_accuracy: 0.1133
epoch: 2 train_loss: 4.2709 train_accuracy: 0.1455 test_loss: 4.2128 test_accuracy: 0.1356
epoch: 3 train_loss: 4.0979 train_accuracy: 0.1633 test_loss: 4.0381 test_accuracy: 0.1444
epoch: 4 train_loss: 3.9505 train_accuracy: 0.1856 test_loss: 3.8906 test_accuracy: 0.1733
epoch: 5 train_loss: 3.8277 train_accuracy: 0.2056 test_loss: 3.7680 test_accuracy: 0.1867
epoch: 6 train_loss: 3.7201 train_accuracy: 0.2294 test_loss: 3.6608 test_accuracy: 0.2067
epoch: 7 train_loss: 3.6270 train_accuracy: 0.2465 test_loss: 3.5681 test_accuracy: 0.2267
epoch: 8 train_loss: 3.5429 train_accuracy: 0.2673 test_loss: 3.4850 test_accuracy: 0.2444
epoch: 9 train_loss: 3.4675 train_accuracy: 0.2836 test_loss: 3.4121 test_accuracy: 0.2600
epoch: 10 train_loss: 3.3983 train_accuracy: 0.2925 test_loss: 3.3470 test_accuracy: 0.2800
epoch: 11 train_loss: 3.3338 train_accuracy: 0.3103 test_loss: 3.2866 test_accuracy: 0.2889
epoch: 12 train_loss: 3.2723 train_accuracy: 0.3237 test_loss: 3.2297 test_accuracy: 0.3067
epoch: 13 train_loss: 3.2137 train_accuracy: 0.3318 test_loss: 3.1749 test_accuracy: 0.3222
epoch: 14 train_loss: 3.1573 train_accuracy: 0.3460 test_loss: 3.1219 test_accuracy: 0.3356
epoch: 15 train_loss: 3.1041 train_accuracy: 0.3601 test_loss: 3.0719 test_accuracy: 0.3489
epoch: 16 train_loss: 3.0528 train_accuracy: 0.3697 test_loss: 3.0231 test_accuracy: 0.3556
epoch: 17 train_loss: 3.0018 train_accuracy: 0.3883 test_loss: 2.9755 test_accuracy: 0.3733
epoch: 18 train_loss: 2.9528 train_accuracy: 0.4046 test_loss: 2.9297 test_accuracy: 0.3800
epoch: 19 train_loss: 2.9033 train_accuracy: 0.4172 test_loss: 2.8844 test_accuracy: 0.3911
epoch: 20 train_loss: 2.8574 train_accuracy: 0.4298 test_loss: 2.8413 test_accuracy: 0.3933
epoch: 21 train_loss: 2.8120 train_accuracy: 0.4402 test_loss: 2.7987 test_accuracy: 0.4000
epoch: 22 train_loss: 2.7679 train_accuracy: 0.4499 test_loss: 2.7569 test_accuracy: 0.4200
epoch: 23 train_loss: 2.7256 train_accuracy: 0.4558 test_loss: 2.7169 test_accuracy: 0.4267
epoch: 24 train_loss: 2.6861 train_accuracy: 0.4655 test_loss: 2.6795 test_accuracy: 0.4378
epoch: 25 train_loss: 2.6478 train_accuracy: 0.4744 test_loss: 2.6434 test_accuracy: 0.4422
epoch: 26 train_loss: 2.6119 train_accuracy: 0.4855 test_loss: 2.6094 test_accuracy: 0.4511
epoch: 27 train_loss: 2.5754 train_accuracy: 0.4929 test_loss: 2.5746 test_accuracy: 0.4600
epoch: 28 train_loss: 2.5411 train_accuracy: 0.4959 test_loss: 2.5421 test_accuracy: 0.4667
epoch: 29 train_loss: 2.5073 train_accuracy: 0.5048 test_loss: 2.5102 test_accuracy: 0.4733
epoch: 30 train_loss: 2.4738 train_accuracy: 0.5093 test_loss: 2.4781 test_accuracy: 0.4844
epoch: 31 train_loss: 2.4419 train_accuracy: 0.5167 test_loss: 2.4472 test_accuracy: 0.4911
epoch: 32 train_loss: 2.4111 train_accuracy: 0.5264 test_loss: 2.4175 test_accuracy: 0.5022
epoch: 33 train_loss: 2.3808 train_accuracy: 0.5301 test_loss: 2.3885 test_accuracy: 0.5089
epoch: 34 train_loss: 2.3501 train_accuracy: 0.5375 test_loss: 2.3587 test_accuracy: 0.5133
epoch: 35 train_loss: 2.3206 train_accuracy: 0.5412 test_loss: 2.3297 test_accuracy: 0.5222
epoch: 36 train_loss: 2.2924 train_accuracy: 0.5516 test_loss: 2.3019 test_accuracy: 0.5244
epoch: 37 train_loss: 2.2656 train_accuracy: 0.5568 test_loss: 2.2752 test_accuracy: 0.5311
epoch: 38 train_loss: 2.2390 train_accuracy: 0.5620 test_loss: 2.2487 test_accuracy: 0.5333
epoch: 39 train_loss: 2.2132 train_accuracy: 0.5694 test_loss: 2.2235 test_accuracy: 0.5378
epoch: 40 train_loss: 2.1875 train_accuracy: 0.5731 test_loss: 2.1981 test_accuracy: 0.5444
epoch: 41 train_loss: 2.1628 train_accuracy: 0.5768 test_loss: 2.1741 test_accuracy: 0.5489
epoch: 42 train_loss: 2.1383 train_accuracy: 0.5805 test_loss: 2.1500 test_accuracy: 0.5578
epoch: 43 train_loss: 2.1136 train_accuracy: 0.5880 test_loss: 2.1248 test_accuracy: 0.5667
epoch: 44 train_loss: 2.0895 train_accuracy: 0.5917 test_loss: 2.1012 test_accuracy: 0.5800
epoch: 45 train_loss: 2.0668 train_accuracy: 0.5947 test_loss: 2.0787 test_accuracy: 0.5800
epoch: 46 train_loss: 2.0442 train_accuracy: 0.5984 test_loss: 2.0566 test_accuracy: 0.5822
epoch: 47 train_loss: 2.0216 train_accuracy: 0.6013 test_loss: 2.0344 test_accuracy: 0.5867
epoch: 48 train_loss: 1.9985 train_accuracy: 0.6088 test_loss: 2.0116 test_accuracy: 0.5911
epoch: 49 train_loss: 1.9765 train_accuracy: 0.6132 test_loss: 1.9896 test_accuracy: 0.6000
epoch: 50 train_loss: 1.9546 train_accuracy: 0.6184 test_loss: 1.9681 test_accuracy: 0.6022
epoch: 51 train_loss: 1.9336 train_accuracy: 0.6251 test_loss: 1.9473 test_accuracy: 0.6111
epoch: 52 train_loss: 1.9128 train_accuracy: 0.6295 test_loss: 1.9267 test_accuracy: 0.6133
epoch: 53 train_loss: 1.8921 train_accuracy: 0.6377 test_loss: 1.9062 test_accuracy: 0.6222
epoch: 54 train_loss: 1.8726 train_accuracy: 0.6414 test_loss: 1.8869 test_accuracy: 0.6311
epoch: 55 train_loss: 1.8529 train_accuracy: 0.6466 test_loss: 1.8677 test_accuracy: 0.6378
epoch: 56 train_loss: 1.8344 train_accuracy: 0.6526 test_loss: 1.8497 test_accuracy: 0.6378
epoch: 57 train_loss: 1.8157 train_accuracy: 0.6563 test_loss: 1.8314 test_accuracy: 0.6467
epoch: 58 train_loss: 1.7967 train_accuracy: 0.6592 test_loss: 1.8127 test_accuracy: 0.6533
epoch: 59 train_loss: 1.7782 train_accuracy: 0.6630 test_loss: 1.7944 test_accuracy: 0.6578
epoch: 60 train_loss: 1.7594 train_accuracy: 0.6682 test_loss: 1.7760 test_accuracy: 0.6644
epoch: 61 train_loss: 1.7404 train_accuracy: 0.6733 test_loss: 1.7575 test_accuracy: 0.6667
epoch: 62 train_loss: 1.7219 train_accuracy: 0.6785 test_loss: 1.7396 test_accuracy: 0.6689
epoch: 63 train_loss: 1.7031 train_accuracy: 0.6823 test_loss: 1.7215 test_accuracy: 0.6733
epoch: 64 train_loss: 1.6841 train_accuracy: 0.6904 test_loss: 1.7028 test_accuracy: 0.6756
epoch: 65 train_loss: 1.6665 train_accuracy: 0.6949 test_loss: 1.6861 test_accuracy: 0.6844
epoch: 66 train_loss: 1.6485 train_accuracy: 0.7030 test_loss: 1.6682 test_accuracy: 0.6867
epoch: 67 train_loss: 1.6308 train_accuracy: 0.7105 test_loss: 1.6506 test_accuracy: 0.6933
epoch: 68 train_loss: 1.6134 train_accuracy: 0.7186 test_loss: 1.6335 test_accuracy: 0.7022
epoch: 69 train_loss: 1.5960 train_accuracy: 0.7275 test_loss: 1.6164 test_accuracy: 0.7067
epoch: 70 train_loss: 1.5781 train_accuracy: 0.7290 test_loss: 1.5988 test_accuracy: 0.7133
epoch: 71 train_loss: 1.5599 train_accuracy: 0.7327 test_loss: 1.5814 test_accuracy: 0.7222
epoch: 72 train_loss: 1.5429 train_accuracy: 0.7402 test_loss: 1.5649 test_accuracy: 0.7289
epoch: 73 train_loss: 1.5261 train_accuracy: 0.7431 test_loss: 1.5483 test_accuracy: 0.7311
epoch: 74 train_loss: 1.5099 train_accuracy: 0.7468 test_loss: 1.5325 test_accuracy: 0.7356
epoch: 75 train_loss: 1.4931 train_accuracy: 0.7498 test_loss: 1.5153 test_accuracy: 0.7400
epoch: 76 train_loss: 1.4765 train_accuracy: 0.7520 test_loss: 1.4981 test_accuracy: 0.7400
epoch: 77 train_loss: 1.4608 train_accuracy: 0.7565 test_loss: 1.4822 test_accuracy: 0.7444
epoch: 78 train_loss: 1.4455 train_accuracy: 0.7602 test_loss: 1.4669 test_accuracy: 0.7489
epoch: 79 train_loss: 1.4303 train_accuracy: 0.7624 test_loss: 1.4517 test_accuracy: 0.7511
epoch: 80 train_loss: 1.4155 train_accuracy: 0.7669 test_loss: 1.4370 test_accuracy: 0.7533
epoch: 81 train_loss: 1.4011 train_accuracy: 0.7691 test_loss: 1.4232 test_accuracy: 0.7600
epoch: 82 train_loss: 1.3869 train_accuracy: 0.7721 test_loss: 1.4093 test_accuracy: 0.7622
epoch: 83 train_loss: 1.3734 train_accuracy: 0.7758 test_loss: 1.3967 test_accuracy: 0.7667
epoch: 84 train_loss: 1.3601 train_accuracy: 0.7765 test_loss: 1.3841 test_accuracy: 0.7667
epoch: 85 train_loss: 1.3465 train_accuracy: 0.7817 test_loss: 1.3709 test_accuracy: 0.7711
epoch: 86 train_loss: 1.3337 train_accuracy: 0.7840 test_loss: 1.3587 test_accuracy: 0.7733
epoch: 87 train_loss: 1.3211 train_accuracy: 0.7862 test_loss: 1.3467 test_accuracy: 0.7733
epoch: 88 train_loss: 1.3088 train_accuracy: 0.7906 test_loss: 1.3353 test_accuracy: 0.7733
epoch: 89 train_loss: 1.2968 train_accuracy: 0.7936 test_loss: 1.3241 test_accuracy: 0.7756
epoch: 90 train_loss: 1.2844 train_accuracy: 0.7951 test_loss: 1.3126 test_accuracy: 0.7756
epoch: 91 train_loss: 1.2727 train_accuracy: 0.7973 test_loss: 1.3016 test_accuracy: 0.7756
epoch: 92 train_loss: 1.2611 train_accuracy: 0.7988 test_loss: 1.2906 test_accuracy: 0.7778
epoch: 93 train_loss: 1.2496 train_accuracy: 0.8003 test_loss: 1.2804 test_accuracy: 0.7822
epoch: 94 train_loss: 1.2387 train_accuracy: 0.8010 test_loss: 1.2701 test_accuracy: 0.7822
epoch: 95 train_loss: 1.2280 train_accuracy: 0.8033 test_loss: 1.2609 test_accuracy: 0.7844
epoch: 96 train_loss: 1.2175 train_accuracy: 0.8033 test_loss: 1.2512 test_accuracy: 0.7844
epoch: 97 train_loss: 1.2069 train_accuracy: 0.8070 test_loss: 1.2417 test_accuracy: 0.7867
epoch: 98 train_loss: 1.1962 train_accuracy: 0.8107 test_loss: 1.2317 test_accuracy: 0.7911
epoch: 99 train_loss: 1.1864 train_accuracy: 0.8114 test_loss: 1.2231 test_accuracy: 0.7933
epoch: 100 train_loss: 1.1768 train_accuracy: 0.8144 test_loss: 1.2147 test_accuracy: 0.7933
epoch: 101 train_loss: 1.1673 train_accuracy: 0.8159 test_loss: 1.2064 test_accuracy: 0.7956
epoch: 102 train_loss: 1.1579 train_accuracy: 0.8203 test_loss: 1.1984 test_accuracy: 0.8022
epoch: 103 train_loss: 1.1486 train_accuracy: 0.8233 test_loss: 1.1900 test_accuracy: 0.8044
epoch: 104 train_loss: 1.1392 train_accuracy: 0.8248 test_loss: 1.1815 test_accuracy: 0.8044
epoch: 105 train_loss: 1.1300 train_accuracy: 0.8255 test_loss: 1.1731 test_accuracy: 0.8044
epoch: 106 train_loss: 1.1204 train_accuracy: 0.8278 test_loss: 1.1644 test_accuracy: 0.8067
epoch: 107 train_loss: 1.1116 train_accuracy: 0.8293 test_loss: 1.1566 test_accuracy: 0.8089
epoch: 108 train_loss: 1.1030 train_accuracy: 0.8300 test_loss: 1.1488 test_accuracy: 0.8133
epoch: 109 train_loss: 1.0945 train_accuracy: 0.8330 test_loss: 1.1413 test_accuracy: 0.8133
epoch: 110 train_loss: 1.0860 train_accuracy: 0.8344 test_loss: 1.1338 test_accuracy: 0.8156
epoch: 111 train_loss: 1.0779 train_accuracy: 0.8352 test_loss: 1.1265 test_accuracy: 0.8156
epoch: 112 train_loss: 1.0697 train_accuracy: 0.8359 test_loss: 1.1196 test_accuracy: 0.8133
epoch: 113 train_loss: 1.0616 train_accuracy: 0.8382 test_loss: 1.1126 test_accuracy: 0.8178
epoch: 114 train_loss: 1.0532 train_accuracy: 0.8389 test_loss: 1.1056 test_accuracy: 0.8178
epoch: 115 train_loss: 1.0453 train_accuracy: 0.8389 test_loss: 1.0987 test_accuracy: 0.8222
epoch: 116 train_loss: 1.0378 train_accuracy: 0.8396 test_loss: 1.0923 test_accuracy: 0.8222
epoch: 117 train_loss: 1.0302 train_accuracy: 0.8404 test_loss: 1.0856 test_accuracy: 0.8222
epoch: 118 train_loss: 1.0230 train_accuracy: 0.8411 test_loss: 1.0792 test_accuracy: 0.8267
epoch: 119 train_loss: 1.0156 train_accuracy: 0.8426 test_loss: 1.0729 test_accuracy: 0.8267
epoch: 120 train_loss: 1.0087 train_accuracy: 0.8441 test_loss: 1.0672 test_accuracy: 0.8289
epoch: 121 train_loss: 1.0017 train_accuracy: 0.8448 test_loss: 1.0614 test_accuracy: 0.8311
epoch: 122 train_loss: 0.9942 train_accuracy: 0.8463 test_loss: 1.0539 test_accuracy: 0.8311
epoch: 123 train_loss: 0.9872 train_accuracy: 0.8478 test_loss: 1.0479 test_accuracy: 0.8333
epoch: 124 train_loss: 0.9800 train_accuracy: 0.8486 test_loss: 1.0419 test_accuracy: 0.8311
epoch: 125 train_loss: 0.9732 train_accuracy: 0.8500 test_loss: 1.0363 test_accuracy: 0.8356
epoch: 126 train_loss: 0.9665 train_accuracy: 0.8500 test_loss: 1.0310 test_accuracy: 0.8378
epoch: 127 train_loss: 0.9599 train_accuracy: 0.8515 test_loss: 1.0256 test_accuracy: 0.8400
epoch: 128 train_loss: 0.9534 train_accuracy: 0.8523 test_loss: 1.0200 test_accuracy: 0.8422
epoch: 129 train_loss: 0.9468 train_accuracy: 0.8530 test_loss: 1.0143 test_accuracy: 0.8422
epoch: 130 train_loss: 0.9405 train_accuracy: 0.8552 test_loss: 1.0093 test_accuracy: 0.8444
epoch: 131 train_loss: 0.9344 train_accuracy: 0.8582 test_loss: 1.0039 test_accuracy: 0.8467
epoch: 132 train_loss: 0.9280 train_accuracy: 0.8582 test_loss: 0.9993 test_accuracy: 0.8467
epoch: 133 train_loss: 0.9220 train_accuracy: 0.8589 test_loss: 0.9942 test_accuracy: 0.8467
epoch: 134 train_loss: 0.9161 train_accuracy: 0.8604 test_loss: 0.9892 test_accuracy: 0.8489
epoch: 135 train_loss: 0.9101 train_accuracy: 0.8619 test_loss: 0.9840 test_accuracy: 0.8511
epoch: 136 train_loss: 0.9043 train_accuracy: 0.8634 test_loss: 0.9790 test_accuracy: 0.8511
epoch: 137 train_loss: 0.8982 train_accuracy: 0.8649 test_loss: 0.9737 test_accuracy: 0.8511
epoch: 138 train_loss: 0.8925 train_accuracy: 0.8656 test_loss: 0.9690 test_accuracy: 0.8533
epoch: 139 train_loss: 0.8868 train_accuracy: 0.8656 test_loss: 0.9642 test_accuracy: 0.8556
epoch: 140 train_loss: 0.8812 train_accuracy: 0.8671 test_loss: 0.9595 test_accuracy: 0.8556
epoch: 141 train_loss: 0.8755 train_accuracy: 0.8679 test_loss: 0.9545 test_accuracy: 0.8578
epoch: 142 train_loss: 0.8700 train_accuracy: 0.8701 test_loss: 0.9498 test_accuracy: 0.8578
epoch: 143 train_loss: 0.8643 train_accuracy: 0.8701 test_loss: 0.9445 test_accuracy: 0.8578
epoch: 144 train_loss: 0.8589 train_accuracy: 0.8716 test_loss: 0.9400 test_accuracy: 0.8578
epoch: 145 train_loss: 0.8535 train_accuracy: 0.8716 test_loss: 0.9356 test_accuracy: 0.8578
epoch: 146 train_loss: 0.8480 train_accuracy: 0.8738 test_loss: 0.9306 test_accuracy: 0.8578
epoch: 147 train_loss: 0.8424 train_accuracy: 0.8753 test_loss: 0.9257 test_accuracy: 0.8578
epoch: 148 train_loss: 0.8370 train_accuracy: 0.8753 test_loss: 0.9213 test_accuracy: 0.8578
epoch: 149 train_loss: 0.8316 train_accuracy: 0.8753 test_loss: 0.9167 test_accuracy: 0.8600
epoch: 150 train_loss: 0.8265 train_accuracy: 0.8760 test_loss: 0.9123 test_accuracy: 0.8600
epoch: 151 train_loss: 0.8213 train_accuracy: 0.8782 test_loss: 0.9081 test_accuracy: 0.8600
epoch: 152 train_loss: 0.8163 train_accuracy: 0.8790 test_loss: 0.9042 test_accuracy: 0.8600
epoch: 153 train_loss: 0.8113 train_accuracy: 0.8812 test_loss: 0.8999 test_accuracy: 0.8600
epoch: 154 train_loss: 0.8064 train_accuracy: 0.8827 test_loss: 0.8957 test_accuracy: 0.8622
epoch: 155 train_loss: 0.8014 train_accuracy: 0.8827 test_loss: 0.8914 test_accuracy: 0.8622
epoch: 156 train_loss: 0.7965 train_accuracy: 0.8834 test_loss: 0.8873 test_accuracy: 0.8622
epoch: 157 train_loss: 0.7916 train_accuracy: 0.8842 test_loss: 0.8831 test_accuracy: 0.8622
epoch: 158 train_loss: 0.7870 train_accuracy: 0.8842 test_loss: 0.8791 test_accuracy: 0.8622
epoch: 159 train_loss: 0.7823 train_accuracy: 0.8857 test_loss: 0.8751 test_accuracy: 0.8622
epoch: 160 train_loss: 0.7776 train_accuracy: 0.8857 test_loss: 0.8711 test_accuracy: 0.8644
epoch: 161 train_loss: 0.7729 train_accuracy: 0.8857 test_loss: 0.8671 test_accuracy: 0.8644
epoch: 162 train_loss: 0.7681 train_accuracy: 0.8857 test_loss: 0.8628 test_accuracy: 0.8644
epoch: 163 train_loss: 0.7631 train_accuracy: 0.8857 test_loss: 0.8584 test_accuracy: 0.8644
epoch: 164 train_loss: 0.7583 train_accuracy: 0.8857 test_loss: 0.8543 test_accuracy: 0.8644
epoch: 165 train_loss: 0.7538 train_accuracy: 0.8864 test_loss: 0.8507 test_accuracy: 0.8667
epoch: 166 train_loss: 0.7494 train_accuracy: 0.8879 test_loss: 0.8469 test_accuracy: 0.8667
epoch: 167 train_loss: 0.7449 train_accuracy: 0.8894 test_loss: 0.8430 test_accuracy: 0.8711
epoch: 168 train_loss: 0.7406 train_accuracy: 0.8909 test_loss: 0.8392 test_accuracy: 0.8733
epoch: 169 train_loss: 0.7364 train_accuracy: 0.8909 test_loss: 0.8354 test_accuracy: 0.8733
epoch: 170 train_loss: 0.7321 train_accuracy: 0.8916 test_loss: 0.8317 test_accuracy: 0.8733
epoch: 171 train_loss: 0.7278 train_accuracy: 0.8924 test_loss: 0.8278 test_accuracy: 0.8733
epoch: 172 train_loss: 0.7237 train_accuracy: 0.8931 test_loss: 0.8242 test_accuracy: 0.8733
epoch: 173 train_loss: 0.7195 train_accuracy: 0.8931 test_loss: 0.8204 test_accuracy: 0.8733
epoch: 174 train_loss: 0.7155 train_accuracy: 0.8946 test_loss: 0.8169 test_accuracy: 0.8733
epoch: 175 train_loss: 0.7116 train_accuracy: 0.8946 test_loss: 0.8135 test_accuracy: 0.8733
epoch: 176 train_loss: 0.7077 train_accuracy: 0.8946 test_loss: 0.8100 test_accuracy: 0.8733
epoch: 177 train_loss: 0.7038 train_accuracy: 0.8968 test_loss: 0.8065 test_accuracy: 0.8733
epoch: 178 train_loss: 0.6997 train_accuracy: 0.8968 test_loss: 0.8028 test_accuracy: 0.8733
epoch: 179 train_loss: 0.6959 train_accuracy: 0.8976 test_loss: 0.7993 test_accuracy: 0.8733
epoch: 180 train_loss: 0.6922 train_accuracy: 0.8983 test_loss: 0.7959 test_accuracy: 0.8733
epoch: 181 train_loss: 0.6885 train_accuracy: 0.9005 test_loss: 0.7926 test_accuracy: 0.8733
epoch: 182 train_loss: 0.6847 train_accuracy: 0.9035 test_loss: 0.7894 test_accuracy: 0.8733
epoch: 183 train_loss: 0.6810 train_accuracy: 0.9035 test_loss: 0.7860 test_accuracy: 0.8733
epoch: 184 train_loss: 0.6774 train_accuracy: 0.9050 test_loss: 0.7827 test_accuracy: 0.8733
epoch: 185 train_loss: 0.6736 train_accuracy: 0.9057 test_loss: 0.7790 test_accuracy: 0.8733
epoch: 186 train_loss: 0.6699 train_accuracy: 0.9065 test_loss: 0.7754 test_accuracy: 0.8756
epoch: 187 train_loss: 0.6665 train_accuracy: 0.9072 test_loss: 0.7721 test_accuracy: 0.8756
epoch: 188 train_loss: 0.6632 train_accuracy: 0.9065 test_loss: 0.7692 test_accuracy: 0.8756
epoch: 189 train_loss: 0.6599 train_accuracy: 0.9072 test_loss: 0.7662 test_accuracy: 0.8756
epoch: 190 train_loss: 0.6567 train_accuracy: 0.9079 test_loss: 0.7632 test_accuracy: 0.8778
epoch: 191 train_loss: 0.6535 train_accuracy: 0.9087 test_loss: 0.7605 test_accuracy: 0.8778
epoch: 192 train_loss: 0.6505 train_accuracy: 0.9087 test_loss: 0.7575 test_accuracy: 0.8778
epoch: 193 train_loss: 0.6473 train_accuracy: 0.9094 test_loss: 0.7549 test_accuracy: 0.8778
epoch: 194 train_loss: 0.6443 train_accuracy: 0.9094 test_loss: 0.7521 test_accuracy: 0.8778
epoch: 195 train_loss: 0.6412 train_accuracy: 0.9109 test_loss: 0.7493 test_accuracy: 0.8778
epoch: 196 train_loss: 0.6380 train_accuracy: 0.9117 test_loss: 0.7464 test_accuracy: 0.8778
epoch: 197 train_loss: 0.6350 train_accuracy: 0.9117 test_loss: 0.7436 test_accuracy: 0.8778
epoch: 198 train_loss: 0.6321 train_accuracy: 0.9117 test_loss: 0.7410 test_accuracy: 0.8778
epoch: 199 train_loss: 0.6291 train_accuracy: 0.9139 test_loss: 0.7386 test_accuracy: 0.8778
epoch: 200 train_loss: 0.6262 train_accuracy: 0.9139 test_loss: 0.7360 test_accuracy: 0.8778
epoch: 201 train_loss: 0.6234 train_accuracy: 0.9139 test_loss: 0.7335 test_accuracy: 0.8778
epoch: 202 train_loss: 0.6206 train_accuracy: 0.9139 test_loss: 0.7309 test_accuracy: 0.8778
epoch: 203 train_loss: 0.6178 train_accuracy: 0.9139 test_loss: 0.7283 test_accuracy: 0.8778
epoch: 204 train_loss: 0.6151 train_accuracy: 0.9154 test_loss: 0.7258 test_accuracy: 0.8800
epoch: 205 train_loss: 0.6124 train_accuracy: 0.9161 test_loss: 0.7233 test_accuracy: 0.8800
epoch: 206 train_loss: 0.6098 train_accuracy: 0.9169 test_loss: 0.7209 test_accuracy: 0.8800
epoch: 207 train_loss: 0.6067 train_accuracy: 0.9169 test_loss: 0.7182 test_accuracy: 0.8800
epoch: 208 train_loss: 0.6041 train_accuracy: 0.9169 test_loss: 0.7157 test_accuracy: 0.8800
epoch: 209 train_loss: 0.6015 train_accuracy: 0.9169 test_loss: 0.7134 test_accuracy: 0.8822
epoch: 210 train_loss: 0.5989 train_accuracy: 0.9169 test_loss: 0.7110 test_accuracy: 0.8822
epoch: 211 train_loss: 0.5961 train_accuracy: 0.9183 test_loss: 0.7087 test_accuracy: 0.8822
epoch: 212 train_loss: 0.5935 train_accuracy: 0.9183 test_loss: 0.7064 test_accuracy: 0.8822
epoch: 213 train_loss: 0.5910 train_accuracy: 0.9183 test_loss: 0.7046 test_accuracy: 0.8822
epoch: 214 train_loss: 0.5885 train_accuracy: 0.9183 test_loss: 0.7023 test_accuracy: 0.8822
epoch: 215 train_loss: 0.5861 train_accuracy: 0.9183 test_loss: 0.6998 test_accuracy: 0.8844
epoch: 216 train_loss: 0.5837 train_accuracy: 0.9198 test_loss: 0.6975 test_accuracy: 0.8844
epoch: 217 train_loss: 0.5811 train_accuracy: 0.9198 test_loss: 0.6952 test_accuracy: 0.8844
epoch: 218 train_loss: 0.5788 train_accuracy: 0.9206 test_loss: 0.6930 test_accuracy: 0.8867
epoch: 219 train_loss: 0.5765 train_accuracy: 0.9213 test_loss: 0.6909 test_accuracy: 0.8933
epoch: 220 train_loss: 0.5742 train_accuracy: 0.9213 test_loss: 0.6887 test_accuracy: 0.8933
epoch: 221 train_loss: 0.5719 train_accuracy: 0.9213 test_loss: 0.6862 test_accuracy: 0.8956
epoch: 222 train_loss: 0.5697 train_accuracy: 0.9228 test_loss: 0.6843 test_accuracy: 0.8956
epoch: 223 train_loss: 0.5675 train_accuracy: 0.9250 test_loss: 0.6822 test_accuracy: 0.8956
epoch: 224 train_loss: 0.5653 train_accuracy: 0.9258 test_loss: 0.6802 test_accuracy: 0.8956
epoch: 225 train_loss: 0.5632 train_accuracy: 0.9258 test_loss: 0.6787 test_accuracy: 0.8956
epoch: 226 train_loss: 0.5612 train_accuracy: 0.9258 test_loss: 0.6767 test_accuracy: 0.8956
epoch: 227 train_loss: 0.5591 train_accuracy: 0.9258 test_loss: 0.6746 test_accuracy: 0.8956
epoch: 228 train_loss: 0.5570 train_accuracy: 0.9265 test_loss: 0.6727 test_accuracy: 0.8956
epoch: 229 train_loss: 0.5548 train_accuracy: 0.9272 test_loss: 0.6708 test_accuracy: 0.8956
epoch: 230 train_loss: 0.5527 train_accuracy: 0.9272 test_loss: 0.6689 test_accuracy: 0.8956
epoch: 231 train_loss: 0.5506 train_accuracy: 0.9272 test_loss: 0.6671 test_accuracy: 0.8956
epoch: 232 train_loss: 0.5486 train_accuracy: 0.9272 test_loss: 0.6653 test_accuracy: 0.8956
epoch: 233 train_loss: 0.5466 train_accuracy: 0.9280 test_loss: 0.6635 test_accuracy: 0.8956
epoch: 234 train_loss: 0.5447 train_accuracy: 0.9287 test_loss: 0.6618 test_accuracy: 0.8956
epoch: 235 train_loss: 0.5427 train_accuracy: 0.9287 test_loss: 0.6600 test_accuracy: 0.8956
epoch: 236 train_loss: 0.5409 train_accuracy: 0.9287 test_loss: 0.6585 test_accuracy: 0.8956
epoch: 237 train_loss: 0.5389 train_accuracy: 0.9295 test_loss: 0.6567 test_accuracy: 0.8956
epoch: 238 train_loss: 0.5370 train_accuracy: 0.9310 test_loss: 0.6550 test_accuracy: 0.8978
epoch: 239 train_loss: 0.5351 train_accuracy: 0.9302 test_loss: 0.6531 test_accuracy: 0.8978
epoch: 240 train_loss: 0.5332 train_accuracy: 0.9302 test_loss: 0.6513 test_accuracy: 0.8978
epoch: 241 train_loss: 0.5313 train_accuracy: 0.9302 test_loss: 0.6497 test_accuracy: 0.8978
epoch: 242 train_loss: 0.5294 train_accuracy: 0.9302 test_loss: 0.6477 test_accuracy: 0.8978
epoch: 243 train_loss: 0.5274 train_accuracy: 0.9310 test_loss: 0.6462 test_accuracy: 0.8978
epoch: 244 train_loss: 0.5255 train_accuracy: 0.9310 test_loss: 0.6446 test_accuracy: 0.8978
epoch: 245 train_loss: 0.5235 train_accuracy: 0.9317 test_loss: 0.6427 test_accuracy: 0.8978
epoch: 246 train_loss: 0.5218 train_accuracy: 0.9317 test_loss: 0.6412 test_accuracy: 0.8978
epoch: 247 train_loss: 0.5200 train_accuracy: 0.9317 test_loss: 0.6396 test_accuracy: 0.8978
epoch: 248 train_loss: 0.5182 train_accuracy: 0.9324 test_loss: 0.6381 test_accuracy: 0.8978
epoch: 249 train_loss: 0.5165 train_accuracy: 0.9332 test_loss: 0.6365 test_accuracy: 0.8978
epoch: 250 train_loss: 0.5147 train_accuracy: 0.9324 test_loss: 0.6348 test_accuracy: 0.8978
epoch: 251 train_loss: 0.5129 train_accuracy: 0.9324 test_loss: 0.6333 test_accuracy: 0.8978
epoch: 252 train_loss: 0.5113 train_accuracy: 0.9332 test_loss: 0.6318 test_accuracy: 0.8978
epoch: 253 train_loss: 0.5096 train_accuracy: 0.9339 test_loss: 0.6302 test_accuracy: 0.8978
epoch: 254 train_loss: 0.5078 train_accuracy: 0.9339 test_loss: 0.6286 test_accuracy: 0.8978
epoch: 255 train_loss: 0.5062 train_accuracy: 0.9339 test_loss: 0.6273 test_accuracy: 0.8978
epoch: 256 train_loss: 0.5045 train_accuracy: 0.9339 test_loss: 0.6260 test_accuracy: 0.8978
epoch: 257 train_loss: 0.5029 train_accuracy: 0.9339 test_loss: 0.6247 test_accuracy: 0.8978
epoch: 258 train_loss: 0.5013 train_accuracy: 0.9339 test_loss: 0.6231 test_accuracy: 0.8978
epoch: 259 train_loss: 0.4997 train_accuracy: 0.9339 test_loss: 0.6217 test_accuracy: 0.8978
epoch: 260 train_loss: 0.4981 train_accuracy: 0.9339 test_loss: 0.6201 test_accuracy: 0.8978
epoch: 261 train_loss: 0.4965 train_accuracy: 0.9347 test_loss: 0.6188 test_accuracy: 0.8978
epoch: 262 train_loss: 0.4948 train_accuracy: 0.9347 test_loss: 0.6177 test_accuracy: 0.8978
epoch: 263 train_loss: 0.4932 train_accuracy: 0.9354 test_loss: 0.6166 test_accuracy: 0.8978
epoch: 264 train_loss: 0.4917 train_accuracy: 0.9354 test_loss: 0.6151 test_accuracy: 0.8978
epoch: 265 train_loss: 0.4900 train_accuracy: 0.9354 test_loss: 0.6136 test_accuracy: 0.8978
epoch: 266 train_loss: 0.4885 train_accuracy: 0.9354 test_loss: 0.6122 test_accuracy: 0.8978
epoch: 267 train_loss: 0.4869 train_accuracy: 0.9354 test_loss: 0.6107 test_accuracy: 0.8978
epoch: 268 train_loss: 0.4854 train_accuracy: 0.9362 test_loss: 0.6093 test_accuracy: 0.9000
epoch: 269 train_loss: 0.4839 train_accuracy: 0.9362 test_loss: 0.6081 test_accuracy: 0.9000
epoch: 270 train_loss: 0.4825 train_accuracy: 0.9369 test_loss: 0.6066 test_accuracy: 0.9000
epoch: 271 train_loss: 0.4810 train_accuracy: 0.9376 test_loss: 0.6053 test_accuracy: 0.9000
epoch: 272 train_loss: 0.4795 train_accuracy: 0.9376 test_loss: 0.6039 test_accuracy: 0.9000
epoch: 273 train_loss: 0.4780 train_accuracy: 0.9376 test_loss: 0.6025 test_accuracy: 0.9000
epoch: 274 train_loss: 0.4765 train_accuracy: 0.9384 test_loss: 0.6013 test_accuracy: 0.9000
epoch: 275 train_loss: 0.4750 train_accuracy: 0.9384 test_loss: 0.5999 test_accuracy: 0.9000
epoch: 276 train_loss: 0.4735 train_accuracy: 0.9376 test_loss: 0.5986 test_accuracy: 0.9000
epoch: 277 train_loss: 0.4720 train_accuracy: 0.9376 test_loss: 0.5973 test_accuracy: 0.9000
epoch: 278 train_loss: 0.4706 train_accuracy: 0.9376 test_loss: 0.5961 test_accuracy: 0.9000
epoch: 279 train_loss: 0.4692 train_accuracy: 0.9376 test_loss: 0.5949 test_accuracy: 0.9000
epoch: 280 train_loss: 0.4677 train_accuracy: 0.9391 test_loss: 0.5940 test_accuracy: 0.9000
epoch: 281 train_loss: 0.4663 train_accuracy: 0.9391 test_loss: 0.5927 test_accuracy: 0.9000
epoch: 282 train_loss: 0.4648 train_accuracy: 0.9399 test_loss: 0.5913 test_accuracy: 0.9000
epoch: 283 train_loss: 0.4635 train_accuracy: 0.9406 test_loss: 0.5902 test_accuracy: 0.9000
epoch: 284 train_loss: 0.4620 train_accuracy: 0.9406 test_loss: 0.5891 test_accuracy: 0.9000
epoch: 285 train_loss: 0.4606 train_accuracy: 0.9406 test_loss: 0.5877 test_accuracy: 0.9000
epoch: 286 train_loss: 0.4593 train_accuracy: 0.9414 test_loss: 0.5866 test_accuracy: 0.9000
epoch: 287 train_loss: 0.4580 train_accuracy: 0.9406 test_loss: 0.5855 test_accuracy: 0.9000
epoch: 288 train_loss: 0.4566 train_accuracy: 0.9414 test_loss: 0.5844 test_accuracy: 0.9000
epoch: 289 train_loss: 0.4553 train_accuracy: 0.9414 test_loss: 0.5832 test_accuracy: 0.9000
epoch: 290 train_loss: 0.4539 train_accuracy: 0.9414 test_loss: 0.5820 test_accuracy: 0.9000
epoch: 291 train_loss: 0.4525 train_accuracy: 0.9414 test_loss: 0.5809 test_accuracy: 0.9000
epoch: 292 train_loss: 0.4512 train_accuracy: 0.9414 test_loss: 0.5800 test_accuracy: 0.9000
epoch: 293 train_loss: 0.4499 train_accuracy: 0.9414 test_loss: 0.5788 test_accuracy: 0.9000
epoch: 294 train_loss: 0.4486 train_accuracy: 0.9421 test_loss: 0.5775 test_accuracy: 0.9022
epoch: 295 train_loss: 0.4473 train_accuracy: 0.9421 test_loss: 0.5765 test_accuracy: 0.9022
epoch: 296 train_loss: 0.4463 train_accuracy: 0.9421 test_loss: 0.5755 test_accuracy: 0.9022
epoch: 297 train_loss: 0.4450 train_accuracy: 0.9421 test_loss: 0.5745 test_accuracy: 0.9022
epoch: 298 train_loss: 0.4437 train_accuracy: 0.9421 test_loss: 0.5734 test_accuracy: 0.9022
epoch: 299 train_loss: 0.4423 train_accuracy: 0.9421 test_loss: 0.5715 test_accuracy: 0.9022
epoch: 300 train_loss: 0.4410 train_accuracy: 0.9421 test_loss: 0.5706 test_accuracy: 0.9022
epoch: 301 train_loss: 0.4396 train_accuracy: 0.9421 test_loss: 0.5696 test_accuracy: 0.9022
epoch: 302 train_loss: 0.4383 train_accuracy: 0.9421 test_loss: 0.5686 test_accuracy: 0.9022
epoch: 303 train_loss: 0.4371 train_accuracy: 0.9421 test_loss: 0.5676 test_accuracy: 0.9022
epoch: 304 train_loss: 0.4358 train_accuracy: 0.9421 test_loss: 0.5667 test_accuracy: 0.9022
epoch: 305 train_loss: 0.4345 train_accuracy: 0.9428 test_loss: 0.5656 test_accuracy: 0.9022
epoch: 306 train_loss: 0.4332 train_accuracy: 0.9436 test_loss: 0.5646 test_accuracy: 0.9022
epoch: 307 train_loss: 0.4320 train_accuracy: 0.9436 test_loss: 0.5636 test_accuracy: 0.9022
epoch: 308 train_loss: 0.4308 train_accuracy: 0.9443 test_loss: 0.5620 test_accuracy: 0.9022
epoch: 309 train_loss: 0.4295 train_accuracy: 0.9443 test_loss: 0.5611 test_accuracy: 0.9022
epoch: 310 train_loss: 0.4283 train_accuracy: 0.9443 test_loss: 0.5602 test_accuracy: 0.9022
epoch: 311 train_loss: 0.4271 train_accuracy: 0.9443 test_loss: 0.5592 test_accuracy: 0.9022
epoch: 312 train_loss: 0.4259 train_accuracy: 0.9443 test_loss: 0.5583 test_accuracy: 0.9022
epoch: 313 train_loss: 0.4246 train_accuracy: 0.9443 test_loss: 0.5573 test_accuracy: 0.9022
epoch: 314 train_loss: 0.4234 train_accuracy: 0.9443 test_loss: 0.5563 test_accuracy: 0.9022
epoch: 315 train_loss: 0.4223 train_accuracy: 0.9443 test_loss: 0.5553 test_accuracy: 0.9022
epoch: 316 train_loss: 0.4211 train_accuracy: 0.9443 test_loss: 0.5543 test_accuracy: 0.9022
epoch: 317 train_loss: 0.4197 train_accuracy: 0.9451 test_loss: 0.5533 test_accuracy: 0.9022
epoch: 318 train_loss: 0.4185 train_accuracy: 0.9458 test_loss: 0.5524 test_accuracy: 0.9022
epoch: 319 train_loss: 0.4173 train_accuracy: 0.9465 test_loss: 0.5514 test_accuracy: 0.9022
epoch: 320 train_loss: 0.4161 train_accuracy: 0.9465 test_loss: 0.5505 test_accuracy: 0.9022
epoch: 321 train_loss: 0.4150 train_accuracy: 0.9465 test_loss: 0.5496 test_accuracy: 0.9022
epoch: 322 train_loss: 0.4138 train_accuracy: 0.9465 test_loss: 0.5486 test_accuracy: 0.9022
epoch: 323 train_loss: 0.4126 train_accuracy: 0.9465 test_loss: 0.5476 test_accuracy: 0.9044
epoch: 324 train_loss: 0.4115 train_accuracy: 0.9465 test_loss: 0.5467 test_accuracy: 0.9044
epoch: 325 train_loss: 0.4104 train_accuracy: 0.9473 test_loss: 0.5457 test_accuracy: 0.9067
epoch: 326 train_loss: 0.4092 train_accuracy: 0.9473 test_loss: 0.5451 test_accuracy: 0.9044
epoch: 327 train_loss: 0.4081 train_accuracy: 0.9473 test_loss: 0.5442 test_accuracy: 0.9044
epoch: 328 train_loss: 0.4069 train_accuracy: 0.9473 test_loss: 0.5432 test_accuracy: 0.9044
epoch: 329 train_loss: 0.4058 train_accuracy: 0.9473 test_loss: 0.5425 test_accuracy: 0.9044
epoch: 330 train_loss: 0.4047 train_accuracy: 0.9480 test_loss: 0.5418 test_accuracy: 0.9022
epoch: 331 train_loss: 0.4036 train_accuracy: 0.9480 test_loss: 0.5408 test_accuracy: 0.9044
epoch: 332 train_loss: 0.4025 train_accuracy: 0.9480 test_loss: 0.5399 test_accuracy: 0.9044
epoch: 333 train_loss: 0.4014 train_accuracy: 0.9488 test_loss: 0.5389 test_accuracy: 0.9044
epoch: 334 train_loss: 0.4003 train_accuracy: 0.9488 test_loss: 0.5380 test_accuracy: 0.9044
epoch: 335 train_loss: 0.3992 train_accuracy: 0.9495 test_loss: 0.5371 test_accuracy: 0.9067
epoch: 336 train_loss: 0.3982 train_accuracy: 0.9480 test_loss: 0.5361 test_accuracy: 0.9089
epoch: 337 train_loss: 0.3971 train_accuracy: 0.9495 test_loss: 0.5352 test_accuracy: 0.9089
epoch: 338 train_loss: 0.3960 train_accuracy: 0.9503 test_loss: 0.5343 test_accuracy: 0.9089
epoch: 339 train_loss: 0.3949 train_accuracy: 0.9503 test_loss: 0.5335 test_accuracy: 0.9089
epoch: 340 train_loss: 0.3939 train_accuracy: 0.9503 test_loss: 0.5326 test_accuracy: 0.9089
epoch: 341 train_loss: 0.3926 train_accuracy: 0.9503 test_loss: 0.5314 test_accuracy: 0.9089
epoch: 342 train_loss: 0.3915 train_accuracy: 0.9503 test_loss: 0.5305 test_accuracy: 0.9089
epoch: 343 train_loss: 0.3905 train_accuracy: 0.9503 test_loss: 0.5296 test_accuracy: 0.9089
epoch: 344 train_loss: 0.3895 train_accuracy: 0.9503 test_loss: 0.5288 test_accuracy: 0.9089
epoch: 345 train_loss: 0.3884 train_accuracy: 0.9503 test_loss: 0.5279 test_accuracy: 0.9089
epoch: 346 train_loss: 0.3874 train_accuracy: 0.9503 test_loss: 0.5272 test_accuracy: 0.9089
epoch: 347 train_loss: 0.3863 train_accuracy: 0.9503 test_loss: 0.5263 test_accuracy: 0.9089
epoch: 348 train_loss: 0.3853 train_accuracy: 0.9503 test_loss: 0.5254 test_accuracy: 0.9089
epoch: 349 train_loss: 0.3843 train_accuracy: 0.9503 test_loss: 0.5246 test_accuracy: 0.9089
epoch: 350 train_loss: 0.3833 train_accuracy: 0.9503 test_loss: 0.5238 test_accuracy: 0.9089
epoch: 351 train_loss: 0.3823 train_accuracy: 0.9503 test_loss: 0.5229 test_accuracy: 0.9089
epoch: 352 train_loss: 0.3813 train_accuracy: 0.9503 test_loss: 0.5221 test_accuracy: 0.9089
epoch: 353 train_loss: 0.3803 train_accuracy: 0.9510 test_loss: 0.5213 test_accuracy: 0.9089
epoch: 354 train_loss: 0.3793 train_accuracy: 0.9517 test_loss: 0.5204 test_accuracy: 0.9089
epoch: 355 train_loss: 0.3784 train_accuracy: 0.9517 test_loss: 0.5195 test_accuracy: 0.9089
epoch: 356 train_loss: 0.3774 train_accuracy: 0.9517 test_loss: 0.5187 test_accuracy: 0.9089
epoch: 357 train_loss: 0.3764 train_accuracy: 0.9517 test_loss: 0.5181 test_accuracy: 0.9089
epoch: 358 train_loss: 0.3754 train_accuracy: 0.9517 test_loss: 0.5171 test_accuracy: 0.9089
epoch: 359 train_loss: 0.3744 train_accuracy: 0.9517 test_loss: 0.5163 test_accuracy: 0.9089
epoch: 360 train_loss: 0.3735 train_accuracy: 0.9517 test_loss: 0.5155 test_accuracy: 0.9089
epoch: 361 train_loss: 0.3725 train_accuracy: 0.9525 test_loss: 0.5147 test_accuracy: 0.9089
epoch: 362 train_loss: 0.3715 train_accuracy: 0.9525 test_loss: 0.5139 test_accuracy: 0.9089
epoch: 363 train_loss: 0.3706 train_accuracy: 0.9525 test_loss: 0.5132 test_accuracy: 0.9089
epoch: 364 train_loss: 0.3697 train_accuracy: 0.9525 test_loss: 0.5124 test_accuracy: 0.9089
epoch: 365 train_loss: 0.3687 train_accuracy: 0.9532 test_loss: 0.5116 test_accuracy: 0.9089
epoch: 366 train_loss: 0.3678 train_accuracy: 0.9540 test_loss: 0.5108 test_accuracy: 0.9111
epoch: 367 train_loss: 0.3668 train_accuracy: 0.9540 test_loss: 0.5100 test_accuracy: 0.9111
epoch: 368 train_loss: 0.3659 train_accuracy: 0.9547 test_loss: 0.5093 test_accuracy: 0.9111
epoch: 369 train_loss: 0.3650 train_accuracy: 0.9547 test_loss: 0.5085 test_accuracy: 0.9111
epoch: 370 train_loss: 0.3640 train_accuracy: 0.9547 test_loss: 0.5078 test_accuracy: 0.9111
epoch: 371 train_loss: 0.3631 train_accuracy: 0.9547 test_loss: 0.5067 test_accuracy: 0.9111
epoch: 372 train_loss: 0.3622 train_accuracy: 0.9547 test_loss: 0.5059 test_accuracy: 0.9111
epoch: 373 train_loss: 0.3612 train_accuracy: 0.9547 test_loss: 0.5051 test_accuracy: 0.9111
epoch: 374 train_loss: 0.3603 train_accuracy: 0.9547 test_loss: 0.5043 test_accuracy: 0.9111
epoch: 375 train_loss: 0.3594 train_accuracy: 0.9547 test_loss: 0.5035 test_accuracy: 0.9111
epoch: 376 train_loss: 0.3585 train_accuracy: 0.9547 test_loss: 0.5027 test_accuracy: 0.9111
epoch: 377 train_loss: 0.3575 train_accuracy: 0.9555 test_loss: 0.5019 test_accuracy: 0.9111
epoch: 378 train_loss: 0.3566 train_accuracy: 0.9555 test_loss: 0.5011 test_accuracy: 0.9111
epoch: 379 train_loss: 0.3557 train_accuracy: 0.9555 test_loss: 0.5004 test_accuracy: 0.9111
epoch: 380 train_loss: 0.3548 train_accuracy: 0.9555 test_loss: 0.4996 test_accuracy: 0.9111
epoch: 381 train_loss: 0.3539 train_accuracy: 0.9569 test_loss: 0.4988 test_accuracy: 0.9111
epoch: 382 train_loss: 0.3530 train_accuracy: 0.9577 test_loss: 0.4980 test_accuracy: 0.9111
epoch: 383 train_loss: 0.3522 train_accuracy: 0.9569 test_loss: 0.4974 test_accuracy: 0.9111
epoch: 384 train_loss: 0.3513 train_accuracy: 0.9569 test_loss: 0.4967 test_accuracy: 0.9111
epoch: 385 train_loss: 0.3504 train_accuracy: 0.9569 test_loss: 0.4959 test_accuracy: 0.9111
epoch: 386 train_loss: 0.3495 train_accuracy: 0.9569 test_loss: 0.4951 test_accuracy: 0.9111
epoch: 387 train_loss: 0.3486 train_accuracy: 0.9569 test_loss: 0.4943 test_accuracy: 0.9111
epoch: 388 train_loss: 0.3478 train_accuracy: 0.9577 test_loss: 0.4936 test_accuracy: 0.9111
epoch: 389 train_loss: 0.3469 train_accuracy: 0.9584 test_loss: 0.4928 test_accuracy: 0.9111
epoch: 390 train_loss: 0.3461 train_accuracy: 0.9584 test_loss: 0.4920 test_accuracy: 0.9111
epoch: 391 train_loss: 0.3452 train_accuracy: 0.9584 test_loss: 0.4913 test_accuracy: 0.9111
epoch: 392 train_loss: 0.3444 train_accuracy: 0.9584 test_loss: 0.4905 test_accuracy: 0.9133
epoch: 393 train_loss: 0.3435 train_accuracy: 0.9584 test_loss: 0.4898 test_accuracy: 0.9133
epoch: 394 train_loss: 0.3427 train_accuracy: 0.9584 test_loss: 0.4890 test_accuracy: 0.9133
epoch: 395 train_loss: 0.3419 train_accuracy: 0.9584 test_loss: 0.4883 test_accuracy: 0.9133
epoch: 396 train_loss: 0.3410 train_accuracy: 0.9584 test_loss: 0.4875 test_accuracy: 0.9133
epoch: 397 train_loss: 0.3402 train_accuracy: 0.9592 test_loss: 0.4868 test_accuracy: 0.9133
epoch: 398 train_loss: 0.3394 train_accuracy: 0.9592 test_loss: 0.4861 test_accuracy: 0.9133
epoch: 399 train_loss: 0.3385 train_accuracy: 0.9592 test_loss: 0.4853 test_accuracy: 0.9133
epoch: 400 train_loss: 0.3377 train_accuracy: 0.9592 test_loss: 0.4847 test_accuracy: 0.9133
epoch: 401 train_loss: 0.3369 train_accuracy: 0.9592 test_loss: 0.4839 test_accuracy: 0.9133
epoch: 402 train_loss: 0.3361 train_accuracy: 0.9592 test_loss: 0.4832 test_accuracy: 0.9133
epoch: 403 train_loss: 0.3352 train_accuracy: 0.9592 test_loss: 0.4825 test_accuracy: 0.9133
epoch: 404 train_loss: 0.3344 train_accuracy: 0.9592 test_loss: 0.4815 test_accuracy: 0.9133
epoch: 405 train_loss: 0.3336 train_accuracy: 0.9592 test_loss: 0.4808 test_accuracy: 0.9133
epoch: 406 train_loss: 0.3326 train_accuracy: 0.9592 test_loss: 0.4799 test_accuracy: 0.9133
epoch: 407 train_loss: 0.3318 train_accuracy: 0.9592 test_loss: 0.4791 test_accuracy: 0.9133
epoch: 408 train_loss: 0.3311 train_accuracy: 0.9592 test_loss: 0.4786 test_accuracy: 0.9133
epoch: 409 train_loss: 0.3303 train_accuracy: 0.9592 test_loss: 0.4779 test_accuracy: 0.9133
epoch: 410 train_loss: 0.3295 train_accuracy: 0.9592 test_loss: 0.4772 test_accuracy: 0.9133
epoch: 411 train_loss: 0.3287 train_accuracy: 0.9599 test_loss: 0.4765 test_accuracy: 0.9133
epoch: 412 train_loss: 0.3279 train_accuracy: 0.9599 test_loss: 0.4758 test_accuracy: 0.9133
epoch: 413 train_loss: 0.3271 train_accuracy: 0.9599 test_loss: 0.4751 test_accuracy: 0.9133
epoch: 414 train_loss: 0.3263 train_accuracy: 0.9599 test_loss: 0.4744 test_accuracy: 0.9133
epoch: 415 train_loss: 0.3255 train_accuracy: 0.9599 test_loss: 0.4737 test_accuracy: 0.9133
epoch: 416 train_loss: 0.3248 train_accuracy: 0.9599 test_loss: 0.4730 test_accuracy: 0.9133
epoch: 417 train_loss: 0.3240 train_accuracy: 0.9599 test_loss: 0.4724 test_accuracy: 0.9156
epoch: 418 train_loss: 0.3233 train_accuracy: 0.9599 test_loss: 0.4717 test_accuracy: 0.9156
epoch: 419 train_loss: 0.3225 train_accuracy: 0.9599 test_loss: 0.4710 test_accuracy: 0.9178
epoch: 420 train_loss: 0.3217 train_accuracy: 0.9599 test_loss: 0.4703 test_accuracy: 0.9178
epoch: 421 train_loss: 0.3210 train_accuracy: 0.9599 test_loss: 0.4696 test_accuracy: 0.9178
epoch: 422 train_loss: 0.3202 train_accuracy: 0.9599 test_loss: 0.4689 test_accuracy: 0.9178
epoch: 423 train_loss: 0.3194 train_accuracy: 0.9599 test_loss: 0.4682 test_accuracy: 0.9178
epoch: 424 train_loss: 0.3188 train_accuracy: 0.9599 test_loss: 0.4676 test_accuracy: 0.9178
epoch: 425 train_loss: 0.3180 train_accuracy: 0.9599 test_loss: 0.4670 test_accuracy: 0.9178
epoch: 426 train_loss: 0.3173 train_accuracy: 0.9599 test_loss: 0.4663 test_accuracy: 0.9178
epoch: 427 train_loss: 0.3165 train_accuracy: 0.9599 test_loss: 0.4656 test_accuracy: 0.9178
epoch: 428 train_loss: 0.3158 train_accuracy: 0.9599 test_loss: 0.4650 test_accuracy: 0.9178
epoch: 429 train_loss: 0.3151 train_accuracy: 0.9599 test_loss: 0.4637 test_accuracy: 0.9200
epoch: 430 train_loss: 0.3143 train_accuracy: 0.9607 test_loss: 0.4631 test_accuracy: 0.9200
epoch: 431 train_loss: 0.3136 train_accuracy: 0.9607 test_loss: 0.4628 test_accuracy: 0.9200
epoch: 432 train_loss: 0.3129 train_accuracy: 0.9607 test_loss: 0.4621 test_accuracy: 0.9200
epoch: 433 train_loss: 0.3121 train_accuracy: 0.9607 test_loss: 0.4613 test_accuracy: 0.9222
epoch: 434 train_loss: 0.3113 train_accuracy: 0.9607 test_loss: 0.4607 test_accuracy: 0.9222
epoch: 435 train_loss: 0.3106 train_accuracy: 0.9607 test_loss: 0.4599 test_accuracy: 0.9222
epoch: 436 train_loss: 0.3098 train_accuracy: 0.9607 test_loss: 0.4593 test_accuracy: 0.9222
epoch: 437 train_loss: 0.3091 train_accuracy: 0.9607 test_loss: 0.4586 test_accuracy: 0.9222
epoch: 438 train_loss: 0.3084 train_accuracy: 0.9614 test_loss: 0.4579 test_accuracy: 0.9222
epoch: 439 train_loss: 0.3076 train_accuracy: 0.9614 test_loss: 0.4571 test_accuracy: 0.9222
epoch: 440 train_loss: 0.3069 train_accuracy: 0.9614 test_loss: 0.4564 test_accuracy: 0.9222
epoch: 441 train_loss: 0.3061 train_accuracy: 0.9614 test_loss: 0.4558 test_accuracy: 0.9222
epoch: 442 train_loss: 0.3054 train_accuracy: 0.9614 test_loss: 0.4551 test_accuracy: 0.9222
epoch: 443 train_loss: 0.3047 train_accuracy: 0.9614 test_loss: 0.4545 test_accuracy: 0.9222
epoch: 444 train_loss: 0.3040 train_accuracy: 0.9614 test_loss: 0.4538 test_accuracy: 0.9222
epoch: 445 train_loss: 0.3033 train_accuracy: 0.9614 test_loss: 0.4530 test_accuracy: 0.9222
epoch: 446 train_loss: 0.3026 train_accuracy: 0.9614 test_loss: 0.4523 test_accuracy: 0.9222
epoch: 447 train_loss: 0.3018 train_accuracy: 0.9621 test_loss: 0.4517 test_accuracy: 0.9222
epoch: 448 train_loss: 0.3011 train_accuracy: 0.9621 test_loss: 0.4511 test_accuracy: 0.9222
epoch: 449 train_loss: 0.3004 train_accuracy: 0.9621 test_loss: 0.4505 test_accuracy: 0.9222
epoch: 450 train_loss: 0.2997 train_accuracy: 0.9621 test_loss: 0.4499 test_accuracy: 0.9222
epoch: 451 train_loss: 0.2989 train_accuracy: 0.9621 test_loss: 0.4493 test_accuracy: 0.9222
epoch: 452 train_loss: 0.2982 train_accuracy: 0.9621 test_loss: 0.4487 test_accuracy: 0.9222
epoch: 453 train_loss: 0.2975 train_accuracy: 0.9621 test_loss: 0.4481 test_accuracy: 0.9222
epoch: 454 train_loss: 0.2968 train_accuracy: 0.9621 test_loss: 0.4475 test_accuracy: 0.9222
epoch: 455 train_loss: 0.2961 train_accuracy: 0.9621 test_loss: 0.4469 test_accuracy: 0.9222
epoch: 456 train_loss: 0.2954 train_accuracy: 0.9621 test_loss: 0.4463 test_accuracy: 0.9222
epoch: 457 train_loss: 0.2947 train_accuracy: 0.9621 test_loss: 0.4457 test_accuracy: 0.9222
epoch: 458 train_loss: 0.2939 train_accuracy: 0.9621 test_loss: 0.4449 test_accuracy: 0.9222
epoch: 459 train_loss: 0.2932 train_accuracy: 0.9621 test_loss: 0.4443 test_accuracy: 0.9222
epoch: 460 train_loss: 0.2920 train_accuracy: 0.9621 test_loss: 0.4436 test_accuracy: 0.9244
epoch: 461 train_loss: 0.2913 train_accuracy: 0.9621 test_loss: 0.4430 test_accuracy: 0.9244
epoch: 462 train_loss: 0.2906 train_accuracy: 0.9629 test_loss: 0.4424 test_accuracy: 0.9244
epoch: 463 train_loss: 0.2899 train_accuracy: 0.9629 test_loss: 0.4418 test_accuracy: 0.9244
epoch: 464 train_loss: 0.2892 train_accuracy: 0.9629 test_loss: 0.4413 test_accuracy: 0.9244
epoch: 465 train_loss: 0.2885 train_accuracy: 0.9629 test_loss: 0.4407 test_accuracy: 0.9244
epoch: 466 train_loss: 0.2878 train_accuracy: 0.9629 test_loss: 0.4401 test_accuracy: 0.9244
epoch: 467 train_loss: 0.2872 train_accuracy: 0.9629 test_loss: 0.4394 test_accuracy: 0.9244
epoch: 468 train_loss: 0.2865 train_accuracy: 0.9629 test_loss: 0.4389 test_accuracy: 0.9244
epoch: 469 train_loss: 0.2858 train_accuracy: 0.9629 test_loss: 0.4383 test_accuracy: 0.9244
epoch: 470 train_loss: 0.2851 train_accuracy: 0.9629 test_loss: 0.4377 test_accuracy: 0.9244
epoch: 471 train_loss: 0.2844 train_accuracy: 0.9636 test_loss: 0.4372 test_accuracy: 0.9244
epoch: 472 train_loss: 0.2837 train_accuracy: 0.9636 test_loss: 0.4367 test_accuracy: 0.9244
epoch: 473 train_loss: 0.2830 train_accuracy: 0.9636 test_loss: 0.4362 test_accuracy: 0.9244
epoch: 474 train_loss: 0.2823 train_accuracy: 0.9636 test_loss: 0.4356 test_accuracy: 0.9244
epoch: 475 train_loss: 0.2816 train_accuracy: 0.9636 test_loss: 0.4351 test_accuracy: 0.9244
epoch: 476 train_loss: 0.2809 train_accuracy: 0.9636 test_loss: 0.4347 test_accuracy: 0.9244
epoch: 477 train_loss: 0.2802 train_accuracy: 0.9636 test_loss: 0.4343 test_accuracy: 0.9244
epoch: 478 train_loss: 0.2796 train_accuracy: 0.9659 test_loss: 0.4337 test_accuracy: 0.9244
epoch: 479 train_loss: 0.2789 train_accuracy: 0.9666 test_loss: 0.4332 test_accuracy: 0.9244
epoch: 480 train_loss: 0.2782 train_accuracy: 0.9666 test_loss: 0.4327 test_accuracy: 0.9244
epoch: 481 train_loss: 0.2775 train_accuracy: 0.9666 test_loss: 0.4322 test_accuracy: 0.9244
epoch: 482 train_loss: 0.2769 train_accuracy: 0.9666 test_loss: 0.4319 test_accuracy: 0.9244
epoch: 483 train_loss: 0.2763 train_accuracy: 0.9666 test_loss: 0.4314 test_accuracy: 0.9244
epoch: 484 train_loss: 0.2756 train_accuracy: 0.9666 test_loss: 0.4310 test_accuracy: 0.9244
epoch: 485 train_loss: 0.2750 train_accuracy: 0.9673 test_loss: 0.4305 test_accuracy: 0.9244
epoch: 486 train_loss: 0.2743 train_accuracy: 0.9673 test_loss: 0.4300 test_accuracy: 0.9267
epoch: 487 train_loss: 0.2737 train_accuracy: 0.9673 test_loss: 0.4295 test_accuracy: 0.9267
epoch: 488 train_loss: 0.2730 train_accuracy: 0.9673 test_loss: 0.4291 test_accuracy: 0.9267
epoch: 489 train_loss: 0.2724 train_accuracy: 0.9673 test_loss: 0.4286 test_accuracy: 0.9267
epoch: 490 train_loss: 0.2718 train_accuracy: 0.9681 test_loss: 0.4281 test_accuracy: 0.9267
epoch: 491 train_loss: 0.2711 train_accuracy: 0.9681 test_loss: 0.4276 test_accuracy: 0.9267
epoch: 492 train_loss: 0.2705 train_accuracy: 0.9681 test_loss: 0.4271 test_accuracy: 0.9267
epoch: 493 train_loss: 0.2698 train_accuracy: 0.9681 test_loss: 0.4267 test_accuracy: 0.9267
epoch: 494 train_loss: 0.2692 train_accuracy: 0.9681 test_loss: 0.4262 test_accuracy: 0.9267
epoch: 495 train_loss: 0.2686 train_accuracy: 0.9681 test_loss: 0.4257 test_accuracy: 0.9267
epoch: 496 train_loss: 0.2680 train_accuracy: 0.9681 test_loss: 0.4253 test_accuracy: 0.9267
epoch: 497 train_loss: 0.2674 train_accuracy: 0.9681 test_loss: 0.4248 test_accuracy: 0.9267
epoch: 498 train_loss: 0.2667 train_accuracy: 0.9681 test_loss: 0.4244 test_accuracy: 0.9267
epoch: 499 train_loss: 0.2661 train_accuracy: 0.9681 test_loss: 0.4240 test_accuracy: 0.9267
epoch: 500 train_loss: 0.2655 train_accuracy: 0.9681 test_loss: 0.4235 test_accuracy: 0.9267
